This program should be regarded as a DEBUGGING aid, not as a 
certifier of correctness.
Call with the -l flag or read the license file for terms
and conditions of use.
Run this program with "-h" for the list of options.

Bugs, questions, and comments should be directed to
"murphi@verify.stanford.edu".

Murphi compiler last modified date: Jan 29 1999
Include files   last modified date: Jan 29 1999
==========================================================================

==========================================================================
Murphi Release 3.1
Finite-state Concurrent System Verifier.

Copyright (C) 1992 - 1999 by the Board of Trustees of
Leland Stanford Junior University.

==========================================================================

Protocol: msi_opt

Algorithm:
	Simulation.
Start Simulation :

I ==(store)==> M Create Msg 0:: type: GetM, src: 1, dst: 7, ack_cnt: 0, src_state: Proc_IM_D, dst_state: Dir_I
  Receive Msg 0:: type: GetM, src: 1, dst: 7, ack_cnt: 0, src_state: Proc_IM_D, dst_state: Dir_I
 Create Msg 1:: type: Data, src: 7, dst: 1, ack_cnt: 0, src_state: Dir_M, dst_state: Proc_IM_D, val: 6
I ==(store)==> M Create Msg 2:: type: GetM, src: 3, dst: 7, ack_cnt: 0, src_state: Proc_IM_D, dst_state: Dir_M
I ==(load)==> S Create Msg 3:: type: GetS, src: 2, dst: 7, ack_cnt: 0, src_state: Proc_IS_D, dst_state: Dir_M
  Receive Msg 1:: type: Data, src: 7, dst: 1, ack_cnt: 0, src_state: Dir_M, dst_state: Proc_IM_D, val: 6
M ==(evict)==> I Create Msg 4:: type: PutM, src: 1, dst: 7, ack_cnt: 0, src_state: Proc_MI_A, dst_state: Dir_M, val: 6
  Receive Msg 4:: type: PutM, src: 1, dst: 7, ack_cnt: 0, src_state: Proc_MI_A, dst_state: Dir_M, val: 6
 Create Msg 5:: type: PutAck, src: 7, dst: 1, ack_cnt: 0, src_state: Dir_I, dst_state: Proc_MI_A
  Receive Msg 3:: type: GetS, src: 2, dst: 7, ack_cnt: 0, src_state: Proc_IS_D, dst_state: Dir_I
 Create Msg 6:: type: Data, src: 7, dst: 2, ack_cnt: 0, src_state: Dir_S, dst_state: Proc_IS_D, val: 6
  Receive Msg 2:: type: GetM, src: 3, dst: 7, ack_cnt: 0, src_state: Proc_IM_D, dst_state: Dir_S
 Create Msg 7:: type: Data, src: 7, dst: 3, ack_cnt: 1, src_state: Dir_SM_A, dst_state: Proc_IM_D, val: 6
  Receive Msg 6:: type: Data, src: 7, dst: 2, ack_cnt: 0, src_state: Dir_SM_A, dst_state: Proc_IS_D, val: 6
S ==(store)==> M Create Msg 8:: type: GetM, src: 2, dst: 7, ack_cnt: 0, src_state: Proc_SM_D, dst_state: Dir_SM_A
  Receive Msg 8:: type: GetM, src: 2, dst: 7, ack_cnt: 0, src_state: Proc_SM_D, dst_state: Dir_SM_A
  Receive Msg 5:: type: PutAck, src: 7, dst: 1, ack_cnt: 0, src_state: Dir_SM_A, dst_state: Proc_MI_A
I ==(store)==> M Create Msg 9:: type: GetM, src: 1, dst: 7, ack_cnt: 0, src_state: Proc_IM_D, dst_state: Dir_SM_A
  Receive Msg 7:: type: Data, src: 7, dst: 3, ack_cnt: 1, src_state: Dir_SM_A, dst_state: Proc_IM_D, val: 6
Starting cruise missile chain from 3 Create Msg 10:: type: Inv, src: 3, dst: 1, ack_cnt: 1, src_state: Proc_IM_A, dst_state: Proc_IM_D
  Receive Msg 10:: type: Inv, src: 3, dst: 1, ack_cnt: 1, src_state: Proc_IM_A, dst_state: Proc_IM_D
 Create Msg 11:: type: Inv, src: 1, dst: 2, ack_cnt: 1, src_state: Proc_IM_D, dst_state: Proc_SM_D
  Receive Msg 11:: type: Inv, src: 1, dst: 2, ack_cnt: 1, src_state: Proc_IM_D, dst_state: Proc_SM_D
 Create Msg 12:: type: Inv, src: 2, dst: 3, ack_cnt: 0, src_state: Proc_IM_D, dst_state: Proc_IM_A
  Receive Msg 12:: type: Inv, src: 2, dst: 3, ack_cnt: 0, src_state: Proc_IM_D, dst_state: Proc_IM_A
 Create Msg 13:: type: InvAck, src: 3, dst: 7, ack_cnt: 0, src_state: Proc_M, dst_state: Dir_SM_A
M ==(evict)==> I Create Msg 14:: type: PutM, src: 3, dst: 7, ack_cnt: 0, src_state: Proc_MI_A, dst_state: Dir_SM_A, val: 4
  Receive Msg 13:: type: InvAck, src: 3, dst: 7, ack_cnt: 0, src_state: Proc_MI_A, dst_state: Dir_SM_A
 Create Msg 15:: type: FwdGetM, src: 7, dst: 3, ack_cnt: 0, src_state: Dir_MM_A, dst_state: Proc_MI_A, fwd_to: 2
  Clear Msg 8:: type: GetM, src: 2, dst: 7, ack_cnt: 0, src_state: Proc_IM_D, dst_state: Dir_MM_A
  Receive Msg 9:: type: GetM, src: 1, dst: 7, ack_cnt: 0, src_state: Proc_IM_D, dst_state: Dir_MM_A
  Receive Msg 15:: type: FwdGetM, src: 7, dst: 3, ack_cnt: 0, src_state: Dir_MM_A, dst_state: Proc_MI_A, fwd_to: 2
 Create Msg 16:: type: Data, src: 3, dst: 2, ack_cnt: 0, src_state: Proc_II_A, dst_state: Proc_IM_D, val: 4
 Create Msg 17:: type: FwdAck, src: 3, dst: 7, ack_cnt: 0, src_state: Proc_II_A, dst_state: Dir_MM_A
  Receive Msg 17:: type: FwdAck, src: 3, dst: 7, ack_cnt: 0, src_state: Proc_II_A, dst_state: Dir_MM_A
 Create Msg 18:: type: FwdGetM, src: 7, dst: 2, ack_cnt: 0, src_state: Dir_MM_A, dst_state: Proc_IM_D, fwd_to: 1
  Clear Msg 9:: type: GetM, src: 1, dst: 7, ack_cnt: 0, src_state: Proc_IM_D, dst_state: Dir_MM_A
  Receive Msg 18:: type: FwdGetM, src: 7, dst: 2, ack_cnt: 0, src_state: Dir_MM_A, dst_state: Proc_IM_D, fwd_to: 1
  Receive Msg 16:: type: Data, src: 3, dst: 2, ack_cnt: 0, src_state: Proc_II_A, dst_state: Proc_IM_D, val: 4
  Receive Msg 14:: type: PutM, src: 3, dst: 7, ack_cnt: 0, src_state: Proc_II_A, dst_state: Dir_MM_A, val: 4
M ==(evict)==> I Create Msg 19:: type: PutM, src: 2, dst: 7, ack_cnt: 0, src_state: Proc_MI_A, dst_state: Dir_MM_A, val: 6
 Create Msg 20:: type: Data, src: 2, dst: 1, ack_cnt: 0, src_state: Proc_II_A, dst_state: Proc_IM_D, val: 6
 Create Msg 21:: type: FwdAck, src: 2, dst: 7, ack_cnt: 0, src_state: Proc_II_A, dst_state: Dir_MM_A
  Clear Msg 18:: type: FwdGetM, src: 7, dst: 2, ack_cnt: 0, src_state: Dir_MM_A, dst_state: Proc_II_A, fwd_to: 1
  Receive Msg 21:: type: FwdAck, src: 2, dst: 7, ack_cnt: 0, src_state: Proc_II_A, dst_state: Dir_MM_A
 Create Msg 22:: type: PutAck, src: 7, dst: 3, ack_cnt: 0, src_state: Dir_M, dst_state: Proc_II_A
  Clear Msg 14:: type: PutM, src: 3, dst: 7, ack_cnt: 0, src_state: Proc_II_A, dst_state: Dir_M, val: 4
  Receive Msg 22:: type: PutAck, src: 7, dst: 3, ack_cnt: 0, src_state: Dir_M, dst_state: Proc_II_A
I ==(load)==> S Create Msg 23:: type: GetS, src: 3, dst: 7, ack_cnt: 0, src_state: Proc_IS_D, dst_state: Dir_M
  Receive Msg 23:: type: GetS, src: 3, dst: 7, ack_cnt: 0, src_state: Proc_IS_D, dst_state: Dir_M
 Create Msg 24:: type: FwdGetS, src: 7, dst: 1, ack_cnt: 0, src_state: Dir_MX_D, dst_state: Proc_IM_D, fwd_to: 3
  Receive Msg 24:: type: FwdGetS, src: 7, dst: 1, ack_cnt: 0, src_state: Dir_MX_D, dst_state: Proc_IM_D, fwd_to: 3
  Receive Msg 20:: type: Data, src: 2, dst: 1, ack_cnt: 0, src_state: Proc_II_A, dst_state: Proc_IM_D, val: 6
  Receive Msg 19:: type: PutM, src: 2, dst: 7, ack_cnt: 0, src_state: Proc_II_A, dst_state: Dir_MX_D, val: 6
 Create Msg 25:: type: FwdAck, src: 1, dst: 7, ack_cnt: 0, src_state: Proc_S, dst_state: Dir_MX_D, val: 6
 Create Msg 26:: type: Data, src: 1, dst: 3, ack_cnt: 0, src_state: Proc_S, dst_state: Proc_IS_D, val: 6
  Clear Msg 24:: type: FwdGetS, src: 7, dst: 1, ack_cnt: 0, src_state: Dir_MX_D, dst_state: Proc_S, fwd_to: 3
S ==(store)==> M Create Msg 27:: type: GetM, src: 1, dst: 7, ack_cnt: 0, src_state: Proc_SM_D, dst_state: Dir_MX_D
  Receive Msg 26:: type: Data, src: 1, dst: 3, ack_cnt: 0, src_state: Proc_SM_D, dst_state: Proc_IS_D, val: 6
S ==(store)==> M Create Msg 28:: type: GetM, src: 3, dst: 7, ack_cnt: 0, src_state: Proc_SM_D, dst_state: Dir_MX_D
  Receive Msg 25:: type: FwdAck, src: 1, dst: 7, ack_cnt: 0, src_state: Proc_SM_D, dst_state: Dir_MX_D, val: 6
 Create Msg 29:: type: PutAck, src: 7, dst: 2, ack_cnt: 0, src_state: Dir_S, dst_state: Proc_II_A
  Clear Msg 19:: type: PutM, src: 2, dst: 7, ack_cnt: 0, src_state: Proc_II_A, dst_state: Dir_S, val: 6
  Receive Msg 28:: type: GetM, src: 3, dst: 7, ack_cnt: 0, src_state: Proc_SM_D, dst_state: Dir_S
 Create Msg 30:: type: Data, src: 7, dst: 3, ack_cnt: 1, src_state: Dir_SM_A, dst_state: Proc_SM_D, val: 6
  Receive Msg 30:: type: Data, src: 7, dst: 3, ack_cnt: 1, src_state: Dir_SM_A, dst_state: Proc_SM_D, val: 6
Starting cruise missile chain from 3 Create Msg 31:: type: Inv, src: 3, dst: 1, ack_cnt: 1, src_state: Proc_SM_D, dst_state: Proc_SM_D
  Receive Msg 27:: type: GetM, src: 1, dst: 7, ack_cnt: 0, src_state: Proc_SM_D, dst_state: Dir_SM_A
  Receive Msg 29:: type: PutAck, src: 7, dst: 2, ack_cnt: 0, src_state: Dir_SM_A, dst_state: Proc_II_A
  Receive Msg 31:: type: Inv, src: 3, dst: 1, ack_cnt: 1, src_state: Proc_SM_A, dst_state: Proc_SM_D
 Create Msg 32:: type: Inv, src: 1, dst: 2, ack_cnt: 0, src_state: Proc_IM_D, dst_state: Proc_I
I ==(store)==> M Create Msg 33:: type: GetM, src: 2, dst: 7, ack_cnt: 0, src_state: Proc_IM_D, dst_state: Dir_SM_A
  Receive Msg 32:: type: Inv, src: 1, dst: 2, ack_cnt: 0, src_state: Proc_IM_D, dst_state: Proc_IM_D
 Create Msg 34:: type: Inv, src: 2, dst: 3, ack_cnt: 0, src_state: Proc_IM_D, dst_state: Proc_SM_A
  Receive Msg 34:: type: Inv, src: 2, dst: 3, ack_cnt: 0, src_state: Proc_IM_D, dst_state: Proc_SM_A
 Create Msg 35:: type: InvAck, src: 3, dst: 7, ack_cnt: 0, src_state: Proc_M, dst_state: Dir_SM_A
  Receive Msg 35:: type: InvAck, src: 3, dst: 7, ack_cnt: 0, src_state: Proc_M, dst_state: Dir_SM_A
M ==(evict)==> I Create Msg 36:: type: PutM, src: 3, dst: 7, ack_cnt: 0, src_state: Proc_MI_A, dst_state: Dir_M, val: 6
 Create Msg 37:: type: FwdGetM, src: 7, dst: 3, ack_cnt: 0, src_state: Dir_MM_A, dst_state: Proc_MI_A, fwd_to: 1
  Clear Msg 27:: type: GetM, src: 1, dst: 7, ack_cnt: 0, src_state: Proc_IM_D, dst_state: Dir_MM_A
  Receive Msg 33:: type: GetM, src: 2, dst: 7, ack_cnt: 0, src_state: Proc_IM_D, dst_state: Dir_MM_A
  Receive Msg 37:: type: FwdGetM, src: 7, dst: 3, ack_cnt: 0, src_state: Dir_MM_A, dst_state: Proc_MI_A, fwd_to: 1
 Create Msg 38:: type: Data, src: 3, dst: 1, ack_cnt: 0, src_state: Proc_II_A, dst_state: Proc_IM_D, val: 6
 Create Msg 39:: type: FwdAck, src: 3, dst: 7, ack_cnt: 0, src_state: Proc_II_A, dst_state: Dir_MM_A
  Receive Msg 38:: type: Data, src: 3, dst: 1, ack_cnt: 0, src_state: Proc_II_A, dst_state: Proc_IM_D, val: 6
  Receive Msg 39:: type: FwdAck, src: 3, dst: 7, ack_cnt: 0, src_state: Proc_II_A, dst_state: Dir_MM_A
 Create Msg 40:: type: FwdGetM, src: 7, dst: 1, ack_cnt: 0, src_state: Dir_MM_A, dst_state: Proc_M, fwd_to: 2
  Clear Msg 33:: type: GetM, src: 2, dst: 7, ack_cnt: 0, src_state: Proc_IM_D, dst_state: Dir_MM_A
M ==(evict)==> I Create Msg 41:: type: PutM, src: 1, dst: 7, ack_cnt: 0, src_state: Proc_MI_A, dst_state: Dir_MM_A, val: 5
  Receive Msg 40:: type: FwdGetM, src: 7, dst: 1, ack_cnt: 0, src_state: Dir_MM_A, dst_state: Proc_MI_A, fwd_to: 2
 Create Msg 42:: type: Data, src: 1, dst: 2, ack_cnt: 0, src_state: Proc_II_A, dst_state: Proc_IM_D, val: 5
 Create Msg 43:: type: FwdAck, src: 1, dst: 7, ack_cnt: 0, src_state: Proc_II_A, dst_state: Dir_MM_A
  Receive Msg 43:: type: FwdAck, src: 1, dst: 7, ack_cnt: 0, src_state: Proc_II_A, dst_state: Dir_MM_A
  Receive Msg 41:: type: PutM, src: 1, dst: 7, ack_cnt: 0, src_state: Proc_II_A, dst_state: Dir_M, val: 5
 Create Msg 44:: type: PutAck, src: 7, dst: 1, ack_cnt: 0, src_state: Dir_M, dst_state: Proc_II_A
  Receive Msg 44:: type: PutAck, src: 7, dst: 1, ack_cnt: 0, src_state: Dir_M, dst_state: Proc_II_A
I ==(store)==> M Create Msg 45:: type: GetM, src: 1, dst: 7, ack_cnt: 0, src_state: Proc_IM_D, dst_state: Dir_M
  Receive Msg 42:: type: Data, src: 1, dst: 2, ack_cnt: 0, src_state: Proc_IM_D, dst_state: Proc_IM_D, val: 5
M ==(evict)==> I Create Msg 46:: type: PutM, src: 2, dst: 7, ack_cnt: 0, src_state: Proc_MI_A, dst_state: Dir_M, val: 4
  Receive Msg 36:: type: PutM, src: 3, dst: 7, ack_cnt: 0, src_state: Proc_II_A, dst_state: Dir_M, val: 6
 Create Msg 47:: type: PutAck, src: 7, dst: 3, ack_cnt: 0, src_state: Dir_M, dst_state: Proc_II_A
  Receive Msg 46:: type: PutM, src: 2, dst: 7, ack_cnt: 0, src_state: Proc_MI_A, dst_state: Dir_M, val: 4
 Create Msg 48:: type: PutAck, src: 7, dst: 2, ack_cnt: 0, src_state: Dir_I, dst_state: Proc_MI_A
  Receive Msg 48:: type: PutAck, src: 7, dst: 2, ack_cnt: 0, src_state: Dir_I, dst_state: Proc_MI_A
  Receive Msg 47:: type: PutAck, src: 7, dst: 3, ack_cnt: 0, src_state: Dir_I, dst_state: Proc_II_A
I ==(store)==> M Create Msg 49:: type: GetM, src: 2, dst: 7, ack_cnt: 0, src_state: Proc_IM_D, dst_state: Dir_I
I ==(load)==> S Create Msg 50:: type: GetS, src: 3, dst: 7, ack_cnt: 0, src_state: Proc_IS_D, dst_state: Dir_I
  Receive Msg 49:: type: GetM, src: 2, dst: 7, ack_cnt: 0, src_state: Proc_IM_D, dst_state: Dir_I
 Create Msg 51:: type: Data, src: 7, dst: 2, ack_cnt: 0, src_state: Dir_M, dst_state: Proc_IM_D, val: 4
  Receive Msg 51:: type: Data, src: 7, dst: 2, ack_cnt: 0, src_state: Dir_M, dst_state: Proc_IM_D, val: 4
  Receive Msg 50:: type: GetS, src: 3, dst: 7, ack_cnt: 0, src_state: Proc_IS_D, dst_state: Dir_M
 Create Msg 52:: type: FwdGetS, src: 7, dst: 2, ack_cnt: 0, src_state: Dir_MX_D, dst_state: Proc_M, fwd_to: 3
  Receive Msg 52:: type: FwdGetS, src: 7, dst: 2, ack_cnt: 0, src_state: Dir_MX_D, dst_state: Proc_M, fwd_to: 3
 Create Msg 53:: type: FwdAck, src: 2, dst: 7, ack_cnt: 0, src_state: Proc_S, dst_state: Dir_MX_D, val: 4
 Create Msg 54:: type: Data, src: 2, dst: 3, ack_cnt: 0, src_state: Proc_S, dst_state: Proc_IS_D, val: 4
  Receive Msg 45:: type: GetM, src: 1, dst: 7, ack_cnt: 0, src_state: Proc_IM_D, dst_state: Dir_MX_D
S ==(store)==> M Create Msg 55:: type: GetM, src: 2, dst: 7, ack_cnt: 0, src_state: Proc_SM_D, dst_state: Dir_MX_D
  Receive Msg 53:: type: FwdAck, src: 2, dst: 7, ack_cnt: 0, src_state: Proc_SM_D, dst_state: Dir_MX_D, val: 4
  Receive Msg 54:: type: Data, src: 2, dst: 3, ack_cnt: 0, src_state: Proc_SM_D, dst_state: Proc_IS_D, val: 4
S ==(evict)==> I Create Msg 56:: type: PutS, src: 3, dst: 7, ack_cnt: 0, src_state: Proc_SI_A, dst_state: Dir_S
 Create Msg 57:: type: Data, src: 7, dst: 1, ack_cnt: 2, src_state: Dir_SM_A, dst_state: Proc_IM_D, val: 4
  Clear Msg 45:: type: GetM, src: 1, dst: 7, ack_cnt: 0, src_state: Proc_IM_D, dst_state: Dir_SM_A
  Receive Msg 57:: type: Data, src: 7, dst: 1, ack_cnt: 2, src_state: Dir_SM_A, dst_state: Proc_IM_D, val: 4
Starting cruise missile chain from 1 Create Msg 58:: type: Inv, src: 1, dst: 2, ack_cnt: 2, src_state: Proc_IM_A, dst_state: Proc_SM_D
  Receive Msg 58:: type: Inv, src: 1, dst: 2, ack_cnt: 2, src_state: Proc_IM_A, dst_state: Proc_SM_D
 Create Msg 59:: type: Inv, src: 2, dst: 3, ack_cnt: 1, src_state: Proc_IM_D, dst_state: Proc_SI_A
  Receive Msg 56:: type: PutS, src: 3, dst: 7, ack_cnt: 0, src_state: Proc_SI_A, dst_state: Dir_SM_A
  Receive Msg 59:: type: Inv, src: 2, dst: 3, ack_cnt: 1, src_state: Proc_IM_D, dst_state: Proc_SI_A
 Create Msg 60:: type: Inv, src: 3, dst: 1, ack_cnt: 0, src_state: Proc_II_A, dst_state: Proc_IM_A
  Receive Msg 60:: type: Inv, src: 3, dst: 1, ack_cnt: 0, src_state: Proc_II_A, dst_state: Proc_IM_A
 Create Msg 61:: type: InvAck, src: 1, dst: 7, ack_cnt: 0, src_state: Proc_M, dst_state: Dir_SM_A
  Receive Msg 61:: type: InvAck, src: 1, dst: 7, ack_cnt: 0, src_state: Proc_M, dst_state: Dir_SM_A
M ==(evict)==> I Create Msg 62:: type: PutM, src: 1, dst: 7, ack_cnt: 0, src_state: Proc_MI_A, dst_state: Dir_M, val: 6
 Create Msg 63:: type: PutAck, src: 7, dst: 3, ack_cnt: 0, src_state: Dir_M, dst_state: Proc_II_A
  Clear Msg 56:: type: PutS, src: 3, dst: 7, ack_cnt: 0, src_state: Proc_II_A, dst_state: Dir_M
  Receive Msg 62:: type: PutM, src: 1, dst: 7, ack_cnt: 0, src_state: Proc_MI_A, dst_state: Dir_M, val: 6
 Create Msg 64:: type: PutAck, src: 7, dst: 1, ack_cnt: 0, src_state: Dir_I, dst_state: Proc_MI_A
  Receive Msg 55:: type: GetM, src: 2, dst: 7, ack_cnt: 0, src_state: Proc_IM_D, dst_state: Dir_I
 Create Msg 65:: type: Data, src: 7, dst: 2, ack_cnt: 0, src_state: Dir_M, dst_state: Proc_IM_D, val: 6
  Receive Msg 65:: type: Data, src: 7, dst: 2, ack_cnt: 0, src_state: Dir_M, dst_state: Proc_IM_D, val: 6
M ==(evict)==> I Create Msg 66:: type: PutM, src: 2, dst: 7, ack_cnt: 0, src_state: Proc_MI_A, dst_state: Dir_M, val: 4
  Receive Msg 66:: type: PutM, src: 2, dst: 7, ack_cnt: 0, src_state: Proc_MI_A, dst_state: Dir_M, val: 4
 Create Msg 67:: type: PutAck, src: 7, dst: 2, ack_cnt: 0, src_state: Dir_I, dst_state: Proc_MI_A
  Receive Msg 63:: type: PutAck, src: 7, dst: 3, ack_cnt: 0, src_state: Dir_I, dst_state: Proc_II_A
  Receive Msg 67:: type: PutAck, src: 7, dst: 2, ack_cnt: 0, src_state: Dir_I, dst_state: Proc_MI_A
I ==(load)==> S Create Msg 68:: type: GetS, src: 3, dst: 7, ack_cnt: 0, src_state: Proc_IS_D, dst_state: Dir_I
I ==(load)==> S Create Msg 69:: type: GetS, src: 2, dst: 7, ack_cnt: 0, src_state: Proc_IS_D, dst_state: Dir_I
  Receive Msg 68:: type: GetS, src: 3, dst: 7, ack_cnt: 0, src_state: Proc_IS_D, dst_state: Dir_I
 Create Msg 70:: type: Data, src: 7, dst: 3, ack_cnt: 0, src_state: Dir_S, dst_state: Proc_IS_D, val: 4
  Receive Msg 70:: type: Data, src: 7, dst: 3, ack_cnt: 0, src_state: Dir_S, dst_state: Proc_IS_D, val: 4
S ==(store)==> M Create Msg 71:: type: GetM, src: 3, dst: 7, ack_cnt: 0, src_state: Proc_SM_D, dst_state: Dir_S
  Receive Msg 69:: type: GetS, src: 2, dst: 7, ack_cnt: 0, src_state: Proc_IS_D, dst_state: Dir_S
 Create Msg 72:: type: Data, src: 7, dst: 2, ack_cnt: 0, src_state: Dir_S, dst_state: Proc_IS_D, val: 4
  Receive Msg 64:: type: PutAck, src: 7, dst: 1, ack_cnt: 0, src_state: Dir_S, dst_state: Proc_MI_A
  Receive Msg 71:: type: GetM, src: 3, dst: 7, ack_cnt: 0, src_state: Proc_SM_D, dst_state: Dir_S
 Create Msg 73:: type: Data, src: 7, dst: 3, ack_cnt: 1, src_state: Dir_SM_A, dst_state: Proc_SM_D, val: 4
  Receive Msg 72:: type: Data, src: 7, dst: 2, ack_cnt: 0, src_state: Dir_SM_A, dst_state: Proc_IS_D, val: 4
S ==(store)==> M Create Msg 74:: type: GetM, src: 2, dst: 7, ack_cnt: 0, src_state: Proc_SM_D, dst_state: Dir_SM_A
I ==(load)==> S Create Msg 75:: type: GetS, src: 1, dst: 7, ack_cnt: 0, src_state: Proc_IS_D, dst_state: Dir_SM_A
  Receive Msg 75:: type: GetS, src: 1, dst: 7, ack_cnt: 0, src_state: Proc_IS_D, dst_state: Dir_SM_A
 Create Msg 76:: type: NACK, src: 7, dst: 1, ack_cnt: 0, src_state: Dir_SM_A, dst_state: Proc_IS_D, val: 4
  Receive Msg 74:: type: GetM, src: 2, dst: 7, ack_cnt: 0, src_state: Proc_SM_D, dst_state: Dir_SM_A
  Receive Msg 73:: type: Data, src: 7, dst: 3, ack_cnt: 1, src_state: Dir_SM_A, dst_state: Proc_SM_D, val: 4
Starting cruise missile chain from 3 Create Msg 77:: type: Inv, src: 3, dst: 1, ack_cnt: 1, src_state: Proc_SM_D, dst_state: Proc_IS_D
  Receive Msg 77:: type: Inv, src: 3, dst: 1, ack_cnt: 1, src_state: Proc_SM_A, dst_state: Proc_IS_D
  Receive Msg 76:: type: NACK, src: 7, dst: 1, ack_cnt: 0, src_state: Dir_SM_A, dst_state: Proc_IS_D, val: 4
I ==(store)==> M Create Msg 78:: type: GetM, src: 1, dst: 7, ack_cnt: 0, src_state: Proc_IM_D, dst_state: Dir_SM_A
 Create Msg 79:: type: Inv, src: 1, dst: 2, ack_cnt: 1, src_state: Proc_IM_D, dst_state: Proc_SM_D
  Clear Msg 77:: type: Inv, src: 3, dst: 1, ack_cnt: 1, src_state: Proc_SM_A, dst_state: Proc_IM_D
  Receive Msg 79:: type: Inv, src: 1, dst: 2, ack_cnt: 1, src_state: Proc_IM_D, dst_state: Proc_SM_D
 Create Msg 80:: type: Inv, src: 2, dst: 3, ack_cnt: 0, src_state: Proc_IM_D, dst_state: Proc_SM_A
  Receive Msg 80:: type: Inv, src: 2, dst: 3, ack_cnt: 0, src_state: Proc_IM_D, dst_state: Proc_SM_A
 Create Msg 81:: type: InvAck, src: 3, dst: 7, ack_cnt: 0, src_state: Proc_M, dst_state: Dir_SM_A
M ==(evict)==> I Create Msg 82:: type: PutM, src: 3, dst: 7, ack_cnt: 0, src_state: Proc_MI_A, dst_state: Dir_SM_A, val: 5
  Receive Msg 81:: type: InvAck, src: 3, dst: 7, ack_cnt: 0, src_state: Proc_MI_A, dst_state: Dir_SM_A
 Create Msg 83:: type: FwdGetM, src: 7, dst: 3, ack_cnt: 0, src_state: Dir_MM_A, dst_state: Proc_MI_A, fwd_to: 2
  Clear Msg 74:: type: GetM, src: 2, dst: 7, ack_cnt: 0, src_state: Proc_IM_D, dst_state: Dir_MM_A
  Receive Msg 82:: type: PutM, src: 3, dst: 7, ack_cnt: 0, src_state: Proc_MI_A, dst_state: Dir_MM_A, val: 5
  Receive Msg 83:: type: FwdGetM, src: 7, dst: 3, ack_cnt: 0, src_state: Dir_MM_A, dst_state: Proc_MI_A, fwd_to: 2
 Create Msg 84:: type: Data, src: 3, dst: 2, ack_cnt: 0, src_state: Proc_II_A, dst_state: Proc_IM_D, val: 5
 Create Msg 85:: type: FwdAck, src: 3, dst: 7, ack_cnt: 0, src_state: Proc_II_A, dst_state: Dir_MM_A
  Receive Msg 84:: type: Data, src: 3, dst: 2, ack_cnt: 0, src_state: Proc_II_A, dst_state: Proc_IM_D, val: 5
M ==(evict)==> I Create Msg 86:: type: PutM, src: 2, dst: 7, ack_cnt: 0, src_state: Proc_MI_A, dst_state: Dir_MM_A, val: 4
  Receive Msg 85:: type: FwdAck, src: 3, dst: 7, ack_cnt: 0, src_state: Proc_II_A, dst_state: Dir_MM_A
 Create Msg 87:: type: PutAck, src: 7, dst: 3, ack_cnt: 0, src_state: Dir_M, dst_state: Proc_II_A
  Clear Msg 82:: type: PutM, src: 3, dst: 7, ack_cnt: 0, src_state: Proc_II_A, dst_state: Dir_M, val: 5
  Receive Msg 87:: type: PutAck, src: 7, dst: 3, ack_cnt: 0, src_state: Dir_M, dst_state: Proc_II_A
I ==(load)==> S Create Msg 88:: type: GetS, src: 3, dst: 7, ack_cnt: 0, src_state: Proc_IS_D, dst_state: Dir_M
  Receive Msg 78:: type: GetM, src: 1, dst: 7, ack_cnt: 0, src_state: Proc_IM_D, dst_state: Dir_M
 Create Msg 89:: type: FwdGetM, src: 7, dst: 2, ack_cnt: 0, src_state: Dir_MM_A, dst_state: Proc_MI_A, fwd_to: 1
  Receive Msg 89:: type: FwdGetM, src: 7, dst: 2, ack_cnt: 0, src_state: Dir_MM_A, dst_state: Proc_MI_A, fwd_to: 1
 Create Msg 90:: type: Data, src: 2, dst: 1, ack_cnt: 0, src_state: Proc_II_A, dst_state: Proc_IM_D, val: 4
 Create Msg 91:: type: FwdAck, src: 2, dst: 7, ack_cnt: 0, src_state: Proc_II_A, dst_state: Dir_MM_A
  Receive Msg 86:: type: PutM, src: 2, dst: 7, ack_cnt: 0, src_state: Proc_II_A, dst_state: Dir_MM_A, val: 4
  Receive Msg 91:: type: FwdAck, src: 2, dst: 7, ack_cnt: 0, src_state: Proc_II_A, dst_state: Dir_MM_A
 Create Msg 92:: type: PutAck, src: 7, dst: 2, ack_cnt: 0, src_state: Dir_M, dst_state: Proc_II_A
  Clear Msg 86:: type: PutM, src: 2, dst: 7, ack_cnt: 0, src_state: Proc_II_A, dst_state: Dir_M, val: 4
  Receive Msg 90:: type: Data, src: 2, dst: 1, ack_cnt: 0, src_state: Proc_II_A, dst_state: Proc_IM_D, val: 4
  Receive Msg 88:: type: GetS, src: 3, dst: 7, ack_cnt: 0, src_state: Proc_IS_D, dst_state: Dir_M
 Create Msg 93:: type: FwdGetS, src: 7, dst: 1, ack_cnt: 0, src_state: Dir_MX_D, dst_state: Proc_M, fwd_to: 3
M ==(evict)==> I Create Msg 94:: type: PutM, src: 1, dst: 7, ack_cnt: 0, src_state: Proc_MI_A, dst_state: Dir_MX_D, val: 5
  Receive Msg 93:: type: FwdGetS, src: 7, dst: 1, ack_cnt: 0, src_state: Dir_MX_D, dst_state: Proc_MI_A, fwd_to: 3
 Create Msg 95:: type: FwdAck, src: 1, dst: 7, ack_cnt: 0, src_state: Proc_SI_A, dst_state: Dir_MX_D, val: 5
 Create Msg 96:: type: Data, src: 1, dst: 3, ack_cnt: 0, src_state: Proc_SI_A, dst_state: Proc_IS_D, val: 5
  Receive Msg 96:: type: Data, src: 1, dst: 3, ack_cnt: 0, src_state: Proc_SI_A, dst_state: Proc_IS_D, val: 5
  Receive Msg 95:: type: FwdAck, src: 1, dst: 7, ack_cnt: 0, src_state: Proc_SI_A, dst_state: Dir_MX_D, val: 5
S ==(store)==> M Create Msg 97:: type: GetM, src: 3, dst: 7, ack_cnt: 0, src_state: Proc_SM_D, dst_state: Dir_S
  Receive Msg 94:: type: PutM, src: 1, dst: 7, ack_cnt: 0, src_state: Proc_SI_A, dst_state: Dir_S, val: 5
 Create Msg 98:: type: PutAck, src: 7, dst: 1, ack_cnt: 0, src_state: Dir_S, dst_state: Proc_SI_A
  Receive Msg 98:: type: PutAck, src: 7, dst: 1, ack_cnt: 0, src_state: Dir_S, dst_state: Proc_SI_A
I ==(store)==> M Create Msg 99:: type: GetM, src: 1, dst: 7, ack_cnt: 0, src_state: Proc_IM_D, dst_state: Dir_S
  Receive Msg 99:: type: GetM, src: 1, dst: 7, ack_cnt: 0, src_state: Proc_IM_D, dst_state: Dir_S
 Create Msg 100:: type: Data, src: 7, dst: 1, ack_cnt: 1, src_state: Dir_SM_A, dst_state: Proc_IM_D, val: 5
  Receive Msg 97:: type: GetM, src: 3, dst: 7, ack_cnt: 0, src_state: Proc_SM_D, dst_state: Dir_SM_A
  Receive Msg 100:: type: Data, src: 7, dst: 1, ack_cnt: 1, src_state: Dir_SM_A, dst_state: Proc_IM_D, val: 5
Starting cruise missile chain from 1 Create Msg 101:: type: Inv, src: 1, dst: 2, ack_cnt: 1, src_state: Proc_IM_A, dst_state: Proc_II_A
  Receive Msg 101:: type: Inv, src: 1, dst: 2, ack_cnt: 1, src_state: Proc_IM_A, dst_state: Proc_II_A
 Create Msg 1:: type: Inv, src: 2, dst: 3, ack_cnt: 1, src_state: Proc_II_A, dst_state: Proc_SM_D
  Receive Msg 1:: type: Inv, src: 2, dst: 3, ack_cnt: 1, src_state: Proc_II_A, dst_state: Proc_SM_D
 Create Msg 2:: type: Inv, src: 3, dst: 1, ack_cnt: 0, src_state: Proc_IM_D, dst_state: Proc_IM_A
  Receive Msg 2:: type: Inv, src: 3, dst: 1, ack_cnt: 0, src_state: Proc_IM_D, dst_state: Proc_IM_A
 Create Msg 3:: type: InvAck, src: 1, dst: 7, ack_cnt: 0, src_state: Proc_M, dst_state: Dir_SM_A
  Receive Msg 3:: type: InvAck, src: 1, dst: 7, ack_cnt: 0, src_state: Proc_M, dst_state: Dir_SM_A
  Receive Msg 92:: type: PutAck, src: 7, dst: 2, ack_cnt: 0, src_state: Dir_M, dst_state: Proc_II_A
M ==(evict)==> I Create Msg 4:: type: PutM, src: 1, dst: 7, ack_cnt: 0, src_state: Proc_MI_A, dst_state: Dir_M, val: 6
I ==(store)==> M Create Msg 5:: type: GetM, src: 2, dst: 7, ack_cnt: 0, src_state: Proc_IM_D, dst_state: Dir_M
 Create Msg 6:: type: FwdGetM, src: 7, dst: 1, ack_cnt: 0, src_state: Dir_MM_A, dst_state: Proc_MI_A, fwd_to: 3
  Clear Msg 97:: type: GetM, src: 3, dst: 7, ack_cnt: 0, src_state: Proc_IM_D, dst_state: Dir_MM_A
  Receive Msg 6:: type: FwdGetM, src: 7, dst: 1, ack_cnt: 0, src_state: Dir_MM_A, dst_state: Proc_MI_A, fwd_to: 3
 Create Msg 7:: type: Data, src: 1, dst: 3, ack_cnt: 0, src_state: Proc_II_A, dst_state: Proc_IM_D, val: 6
 Create Msg 8:: type: FwdAck, src: 1, dst: 7, ack_cnt: 0, src_state: Proc_II_A, dst_state: Dir_MM_A
  Receive Msg 7:: type: Data, src: 1, dst: 3, ack_cnt: 0, src_state: Proc_II_A, dst_state: Proc_IM_D, val: 6
  Receive Msg 8:: type: FwdAck, src: 1, dst: 7, ack_cnt: 0, src_state: Proc_II_A, dst_state: Dir_MM_A
  Receive Msg 4:: type: PutM, src: 1, dst: 7, ack_cnt: 0, src_state: Proc_II_A, dst_state: Dir_M, val: 6
 Create Msg 9:: type: PutAck, src: 7, dst: 1, ack_cnt: 0, src_state: Dir_M, dst_state: Proc_II_A
  Receive Msg 5:: type: GetM, src: 2, dst: 7, ack_cnt: 0, src_state: Proc_IM_D, dst_state: Dir_M
 Create Msg 10:: type: FwdGetM, src: 7, dst: 3, ack_cnt: 0, src_state: Dir_MM_A, dst_state: Proc_M, fwd_to: 2
M ==(evict)==> I Create Msg 11:: type: PutM, src: 3, dst: 7, ack_cnt: 0, src_state: Proc_MI_A, dst_state: Dir_MM_A, val: 5
  Receive Msg 10:: type: FwdGetM, src: 7, dst: 3, ack_cnt: 0, src_state: Dir_MM_A, dst_state: Proc_MI_A, fwd_to: 2
 Create Msg 12:: type: Data, src: 3, dst: 2, ack_cnt: 0, src_state: Proc_II_A, dst_state: Proc_IM_D, val: 5
 Create Msg 13:: type: FwdAck, src: 3, dst: 7, ack_cnt: 0, src_state: Proc_II_A, dst_state: Dir_MM_A
  Receive Msg 13:: type: FwdAck, src: 3, dst: 7, ack_cnt: 0, src_state: Proc_II_A, dst_state: Dir_MM_A
  Receive Msg 11:: type: PutM, src: 3, dst: 7, ack_cnt: 0, src_state: Proc_II_A, dst_state: Dir_M, val: 5
 Create Msg 14:: type: PutAck, src: 7, dst: 3, ack_cnt: 0, src_state: Dir_M, dst_state: Proc_II_A
  Receive Msg 9:: type: PutAck, src: 7, dst: 1, ack_cnt: 0, src_state: Dir_M, dst_state: Proc_II_A
I ==(store)==> M Create Msg 15:: type: GetM, src: 1, dst: 7, ack_cnt: 0, src_state: Proc_IM_D, dst_state: Dir_M
  Receive Msg 12:: type: Data, src: 3, dst: 2, ack_cnt: 0, src_state: Proc_II_A, dst_state: Proc_IM_D, val: 5
  Receive Msg 14:: type: PutAck, src: 7, dst: 3, ack_cnt: 0, src_state: Dir_M, dst_state: Proc_II_A
I ==(store)==> M Create Msg 16:: type: GetM, src: 3, dst: 7, ack_cnt: 0, src_state: Proc_IM_D, dst_state: Dir_M
  Receive Msg 15:: type: GetM, src: 1, dst: 7, ack_cnt: 0, src_state: Proc_IM_D, dst_state: Dir_M
 Create Msg 17:: type: FwdGetM, src: 7, dst: 2, ack_cnt: 0, src_state: Dir_MM_A, dst_state: Proc_M, fwd_to: 1
M ==(evict)==> I Create Msg 18:: type: PutM, src: 2, dst: 7, ack_cnt: 0, src_state: Proc_MI_A, dst_state: Dir_MM_A, val: 5
  Receive Msg 18:: type: PutM, src: 2, dst: 7, ack_cnt: 0, src_state: Proc_MI_A, dst_state: Dir_MM_A, val: 5
  Receive Msg 17:: type: FwdGetM, src: 7, dst: 2, ack_cnt: 0, src_state: Dir_MM_A, dst_state: Proc_MI_A, fwd_to: 1
 Create Msg 19:: type: Data, src: 2, dst: 1, ack_cnt: 0, src_state: Proc_II_A, dst_state: Proc_IM_D, val: 5
 Create Msg 20:: type: FwdAck, src: 2, dst: 7, ack_cnt: 0, src_state: Proc_II_A, dst_state: Dir_MM_A
  Receive Msg 19:: type: Data, src: 2, dst: 1, ack_cnt: 0, src_state: Proc_II_A, dst_state: Proc_IM_D, val: 5
  Receive Msg 20:: type: FwdAck, src: 2, dst: 7, ack_cnt: 0, src_state: Proc_II_A, dst_state: Dir_MM_A
M ==(evict)==> I Create Msg 21:: type: PutM, src: 1, dst: 7, ack_cnt: 0, src_state: Proc_MI_A, dst_state: Dir_M, val: 6
 Create Msg 22:: type: PutAck, src: 7, dst: 2, ack_cnt: 0, src_state: Dir_M, dst_state: Proc_II_A
  Clear Msg 18:: type: PutM, src: 2, dst: 7, ack_cnt: 0, src_state: Proc_II_A, dst_state: Dir_M, val: 5
  Receive Msg 21:: type: PutM, src: 1, dst: 7, ack_cnt: 0, src_state: Proc_MI_A, dst_state: Dir_M, val: 6
 Create Msg 23:: type: PutAck, src: 7, dst: 1, ack_cnt: 0, src_state: Dir_I, dst_state: Proc_MI_A
  Receive Msg 22:: type: PutAck, src: 7, dst: 2, ack_cnt: 0, src_state: Dir_I, dst_state: Proc_II_A
I ==(store)==> M Create Msg 24:: type: GetM, src: 2, dst: 7, ack_cnt: 0, src_state: Proc_IM_D, dst_state: Dir_I
  Receive Msg 23:: type: PutAck, src: 7, dst: 1, ack_cnt: 0, src_state: Dir_I, dst_state: Proc_MI_A
I ==(store)==> M Create Msg 25:: type: GetM, src: 1, dst: 7, ack_cnt: 0, src_state: Proc_IM_D, dst_state: Dir_I
  Receive Msg 16:: type: GetM, src: 3, dst: 7, ack_cnt: 0, src_state: Proc_IM_D, dst_state: Dir_I
 Create Msg 26:: type: Data, src: 7, dst: 3, ack_cnt: 0, src_state: Dir_M, dst_state: Proc_IM_D, val: 6
  Receive Msg 24:: type: GetM, src: 2, dst: 7, ack_cnt: 0, src_state: Proc_IM_D, dst_state: Dir_M
 Create Msg 27:: type: FwdGetM, src: 7, dst: 3, ack_cnt: 0, src_state: Dir_MM_A, dst_state: Proc_IM_D, fwd_to: 2
  Receive Msg 27:: type: FwdGetM, src: 7, dst: 3, ack_cnt: 0, src_state: Dir_MM_A, dst_state: Proc_IM_D, fwd_to: 2
  Receive Msg 26:: type: Data, src: 7, dst: 3, ack_cnt: 0, src_state: Dir_MM_A, dst_state: Proc_IM_D, val: 6
  Receive Msg 25:: type: GetM, src: 1, dst: 7, ack_cnt: 0, src_state: Proc_IM_D, dst_state: Dir_MM_A
M ==(evict)==> I Create Msg 28:: type: PutM, src: 3, dst: 7, ack_cnt: 0, src_state: Proc_MI_A, dst_state: Dir_MM_A, val: 6
 Create Msg 29:: type: Data, src: 3, dst: 2, ack_cnt: 0, src_state: Proc_II_A, dst_state: Proc_IM_D, val: 6
 Create Msg 30:: type: FwdAck, src: 3, dst: 7, ack_cnt: 0, src_state: Proc_II_A, dst_state: Dir_MM_A
  Clear Msg 27:: type: FwdGetM, src: 7, dst: 3, ack_cnt: 0, src_state: Dir_MM_A, dst_state: Proc_II_A, fwd_to: 2
  Receive Msg 30:: type: FwdAck, src: 3, dst: 7, ack_cnt: 0, src_state: Proc_II_A, dst_state: Dir_MM_A
  Receive Msg 29:: type: Data, src: 3, dst: 2, ack_cnt: 0, src_state: Proc_II_A, dst_state: Proc_IM_D, val: 6
 Create Msg 31:: type: FwdGetM, src: 7, dst: 2, ack_cnt: 0, src_state: Dir_MM_A, dst_state: Proc_M, fwd_to: 1
  Clear Msg 25:: type: GetM, src: 1, dst: 7, ack_cnt: 0, src_state: Proc_IM_D, dst_state: Dir_MM_A
M ==(evict)==> I Create Msg 32:: type: PutM, src: 2, dst: 7, ack_cnt: 0, src_state: Proc_MI_A, dst_state: Dir_MM_A, val: 4
  Receive Msg 32:: type: PutM, src: 2, dst: 7, ack_cnt: 0, src_state: Proc_MI_A, dst_state: Dir_MM_A, val: 4
  Receive Msg 31:: type: FwdGetM, src: 7, dst: 2, ack_cnt: 0, src_state: Dir_MM_A, dst_state: Proc_MI_A, fwd_to: 1
 Create Msg 33:: type: Data, src: 2, dst: 1, ack_cnt: 0, src_state: Proc_II_A, dst_state: Proc_IM_D, val: 4
 Create Msg 34:: type: FwdAck, src: 2, dst: 7, ack_cnt: 0, src_state: Proc_II_A, dst_state: Dir_MM_A
  Receive Msg 33:: type: Data, src: 2, dst: 1, ack_cnt: 0, src_state: Proc_II_A, dst_state: Proc_IM_D, val: 4
  Receive Msg 34:: type: FwdAck, src: 2, dst: 7, ack_cnt: 0, src_state: Proc_II_A, dst_state: Dir_MM_A
M ==(evict)==> I Create Msg 35:: type: PutM, src: 1, dst: 7, ack_cnt: 0, src_state: Proc_MI_A, dst_state: Dir_M, val: 6
 Create Msg 36:: type: PutAck, src: 7, dst: 2, ack_cnt: 0, src_state: Dir_M, dst_state: Proc_II_A
  Clear Msg 32:: type: PutM, src: 2, dst: 7, ack_cnt: 0, src_state: Proc_II_A, dst_state: Dir_M, val: 4
  Receive Msg 35:: type: PutM, src: 1, dst: 7, ack_cnt: 0, src_state: Proc_MI_A, dst_state: Dir_M, val: 6
 Create Msg 37:: type: PutAck, src: 7, dst: 1, ack_cnt: 0, src_state: Dir_I, dst_state: Proc_MI_A
  Receive Msg 28:: type: PutM, src: 3, dst: 7, ack_cnt: 0, src_state: Proc_II_A, dst_state: Dir_I, val: 6
 Create Msg 38:: type: PutAck, src: 7, dst: 3, ack_cnt: 0, src_state: Dir_I, dst_state: Proc_II_A
  Receive Msg 38:: type: PutAck, src: 7, dst: 3, ack_cnt: 0, src_state: Dir_I, dst_state: Proc_II_A
I ==(store)==> M Create Msg 39:: type: GetM, src: 3, dst: 7, ack_cnt: 0, src_state: Proc_IM_D, dst_state: Dir_I
  Receive Msg 39:: type: GetM, src: 3, dst: 7, ack_cnt: 0, src_state: Proc_IM_D, dst_state: Dir_I
 Create Msg 40:: type: Data, src: 7, dst: 3, ack_cnt: 0, src_state: Dir_M, dst_state: Proc_IM_D, val: 6
  Receive Msg 36:: type: PutAck, src: 7, dst: 2, ack_cnt: 0, src_state: Dir_M, dst_state: Proc_II_A
  Receive Msg 40:: type: Data, src: 7, dst: 3, ack_cnt: 0, src_state: Dir_M, dst_state: Proc_IM_D, val: 6
I ==(load)==> S Create Msg 41:: type: GetS, src: 2, dst: 7, ack_cnt: 0, src_state: Proc_IS_D, dst_state: Dir_M
  Receive Msg 37:: type: PutAck, src: 7, dst: 1, ack_cnt: 0, src_state: Dir_M, dst_state: Proc_MI_A
I ==(store)==> M Create Msg 42:: type: GetM, src: 1, dst: 7, ack_cnt: 0, src_state: Proc_IM_D, dst_state: Dir_M
  Receive Msg 42:: type: GetM, src: 1, dst: 7, ack_cnt: 0, src_state: Proc_IM_D, dst_state: Dir_M
 Create Msg 43:: type: FwdGetM, src: 7, dst: 3, ack_cnt: 0, src_state: Dir_MM_A, dst_state: Proc_M, fwd_to: 1
  Receive Msg 43:: type: FwdGetM, src: 7, dst: 3, ack_cnt: 0, src_state: Dir_MM_A, dst_state: Proc_M, fwd_to: 1
 Create Msg 44:: type: Data, src: 3, dst: 1, ack_cnt: 0, src_state: Proc_I, dst_state: Proc_IM_D, val: 5
 Create Msg 45:: type: FwdAck, src: 3, dst: 7, ack_cnt: 0, src_state: Proc_I, dst_state: Dir_MM_A
  Receive Msg 44:: type: Data, src: 3, dst: 1, ack_cnt: 0, src_state: Proc_I, dst_state: Proc_IM_D, val: 5
  Receive Msg 41:: type: GetS, src: 2, dst: 7, ack_cnt: 0, src_state: Proc_IS_D, dst_state: Dir_MM_A
I ==(store)==> M Create Msg 46:: type: GetM, src: 3, dst: 7, ack_cnt: 0, src_state: Proc_IM_D, dst_state: Dir_MM_A
  Receive Msg 45:: type: FwdAck, src: 3, dst: 7, ack_cnt: 0, src_state: Proc_IM_D, dst_state: Dir_MM_A
M ==(evict)==> I Create Msg 47:: type: PutM, src: 1, dst: 7, ack_cnt: 0, src_state: Proc_MI_A, dst_state: Dir_M, val: 6
 Create Msg 48:: type: FwdGetS, src: 7, dst: 1, ack_cnt: 0, src_state: Dir_MX_D, dst_state: Proc_MI_A, fwd_to: 2
  Clear Msg 41:: type: GetS, src: 2, dst: 7, ack_cnt: 0, src_state: Proc_IS_D, dst_state: Dir_MX_D
  Receive Msg 48:: type: FwdGetS, src: 7, dst: 1, ack_cnt: 0, src_state: Dir_MX_D, dst_state: Proc_MI_A, fwd_to: 2
 Create Msg 49:: type: FwdAck, src: 1, dst: 7, ack_cnt: 0, src_state: Proc_SI_A, dst_state: Dir_MX_D, val: 6
 Create Msg 50:: type: Data, src: 1, dst: 2, ack_cnt: 0, src_state: Proc_SI_A, dst_state: Proc_IS_D, val: 6
  Receive Msg 47:: type: PutM, src: 1, dst: 7, ack_cnt: 0, src_state: Proc_SI_A, dst_state: Dir_MX_D, val: 6
  Receive Msg 50:: type: Data, src: 1, dst: 2, ack_cnt: 0, src_state: Proc_SI_A, dst_state: Proc_IS_D, val: 6
S ==(evict)==> I Create Msg 51:: type: PutS, src: 2, dst: 7, ack_cnt: 0, src_state: Proc_SI_A, dst_state: Dir_MX_D
  Receive Msg 49:: type: FwdAck, src: 1, dst: 7, ack_cnt: 0, src_state: Proc_SI_A, dst_state: Dir_MX_D, val: 6
 Create Msg 52:: type: PutAck, src: 7, dst: 1, ack_cnt: 0, src_state: Dir_S, dst_state: Proc_SI_A
  Clear Msg 47:: type: PutM, src: 1, dst: 7, ack_cnt: 0, src_state: Proc_SI_A, dst_state: Dir_S, val: 6
  Receive Msg 46:: type: GetM, src: 3, dst: 7, ack_cnt: 0, src_state: Proc_IM_D, dst_state: Dir_S
 Create Msg 53:: type: Data, src: 7, dst: 3, ack_cnt: 1, src_state: Dir_SM_A, dst_state: Proc_IM_D, val: 6
  Receive Msg 53:: type: Data, src: 7, dst: 3, ack_cnt: 1, src_state: Dir_SM_A, dst_state: Proc_IM_D, val: 6
Starting cruise missile chain from 3 Create Msg 54:: type: Inv, src: 3, dst: 1, ack_cnt: 1, src_state: Proc_IM_A, dst_state: Proc_SI_A
  Receive Msg 51:: type: PutS, src: 2, dst: 7, ack_cnt: 0, src_state: Proc_SI_A, dst_state: Dir_SM_A
  Receive Msg 54:: type: Inv, src: 3, dst: 1, ack_cnt: 1, src_state: Proc_IM_A, dst_state: Proc_SI_A
 Create Msg 55:: type: Inv, src: 1, dst: 2, ack_cnt: 0, src_state: Proc_II_A, dst_state: Proc_SI_A
  Receive Msg 52:: type: PutAck, src: 7, dst: 1, ack_cnt: 0, src_state: Dir_SM_A, dst_state: Proc_II_A
  Receive Msg 55:: type: Inv, src: 1, dst: 2, ack_cnt: 0, src_state: Proc_I, dst_state: Proc_SI_A
 Create Msg 56:: type: Inv, src: 2, dst: 3, ack_cnt: -1, src_state: Proc_II_A, dst_state: Proc_IM_A
I ==(store)==> M Create Msg 57:: type: GetM, src: 1, dst: 7, ack_cnt: 0, src_state: Proc_IM_D, dst_state: Dir_SM_A
  Receive Msg 56:: type: Inv, src: 2, dst: 3, ack_cnt: -1, src_state: Proc_II_A, dst_state: Proc_IM_A

Status:

	250 rules fired in simulation in 0.10s.

Error:

	Assertion failed: error at Proc_SM_A, returning cruise missile should have ack_cnt 0

