This program should be regarded as a DEBUGGING aid, not as a 
certifier of correctness.
Call with the -l flag or read the license file for terms
and conditions of use.
Run this program with "-h" for the list of options.

Bugs, questions, and comments should be directed to
"murphi@verify.stanford.edu".

Murphi compiler last modified date: Jan 29 1999
Include files   last modified date: Jan 29 1999
==========================================================================

==========================================================================
Murphi Release 3.1
Finite-state Concurrent System Verifier.

Copyright (C) 1992 - 1999 by the Board of Trustees of
Leland Stanford Junior University.

==========================================================================

Protocol: msi_opt

Algorithm:
	Simulation.
Start Simulation :

Proc : 1, nextproc : 2
Proc : 2, nextproc : 3
Proc : 3, nextproc : 1
I ==(store)==> M Create Msg 0:: type: GetM, src: 3, dst: 7, ack_cnt: 0, src_state: Proc_IM_D, dst_state: Dir_I
I ==(load)==> S Create Msg 1:: type: GetS, src: 1, dst: 7, ack_cnt: 0, src_state: Proc_IS_D, dst_state: Dir_I
I ==(load)==> S Create Msg 2:: type: GetS, src: 2, dst: 7, ack_cnt: 0, src_state: Proc_IS_D, dst_state: Dir_I
  Receive Msg 2:: type: GetS, src: 2, dst: 7, ack_cnt: 0, src_state: Proc_IS_D, dst_state: Dir_I
Receiving GetS from processor Proc_2 on RequestChannel at home -- HomeNode.state:Dir_I
 Create Msg 3:: type: Data, src: 7, dst: 2, ack_cnt: 0, src_state: Dir_S, dst_state: Proc_IS_D, val: 6
  Receive Msg 0:: type: GetM, src: 3, dst: 7, ack_cnt: 0, src_state: Proc_IM_D, dst_state: Dir_S
Receiving GetM from processor Proc_3 on RequestChannel at home -- HomeNode.state:Dir_S
 Create Msg 4:: type: Data, src: 7, dst: 3, ack_cnt: 1, src_state: Dir_SM_A, dst_state: Proc_IM_D, val: 6
  Receive Msg 4:: type: Data, src: 7, dst: 3, ack_cnt: 1, src_state: Dir_SM_A, dst_state: Proc_IM_D, val: 6
Receiving Data from HomeDir on ResponseChannel at proc 3
M ==(evict)==> I Create Msg 5:: type: PutM, src: 3, dst: 7, ack_cnt: 0, src_state: Proc_MI_A, dst_state: Dir_SM_A, val: 5
  Receive Msg 1:: type: GetS, src: 1, dst: 7, ack_cnt: 0, src_state: Proc_IS_D, dst_state: Dir_SM_A
Receiving GetS from processor Proc_1 on RequestChannel at home -- HomeNode.state:Dir_SM_A
 Create Msg 6:: type: NACK, src: 7, dst: 1, ack_cnt: 0, src_state: Dir_SM_A, dst_state: Proc_IS_D, val: 6
  Receive Msg 6:: type: NACK, src: 7, dst: 1, ack_cnt: 0, src_state: Dir_SM_A, dst_state: Proc_IS_D, val: 6
Receiving DNAck from HomeDir on ResponseChannel at proc 1
  Receive Msg 5:: type: PutM, src: 3, dst: 7, ack_cnt: 0, src_state: Proc_MI_A, dst_state: Dir_SM_A, val: 5
Receiving PutM from processor Proc_3 on RequestChannel at home -- HomeNode.state:Dir_SM_A
I ==(load)==> S Create Msg 7:: type: GetS, src: 1, dst: 7, ack_cnt: 0, src_state: Proc_IS_D, dst_state: Dir_SM_A
  Receive Msg 3:: type: Data, src: 7, dst: 2, ack_cnt: 0, src_state: Dir_SM_A, dst_state: Proc_IS_D, val: 6
Receiving Data from HomeDir on ResponseChannel at proc 2

Status:

	12 rules fired in simulation in 0.10s.

Error:

	Invariant values in valid state match last write failed.

