This program should be regarded as a DEBUGGING aid, not as a 
certifier of correctness.
Call with the -l flag or read the license file for terms
and conditions of use.
Run this program with "-h" for the list of options.

Bugs, questions, and comments should be directed to
"murphi@verify.stanford.edu".

Murphi compiler last modified date: Jan 29 1999
Include files   last modified date: Jan 29 1999
==========================================================================

==========================================================================
Murphi Release 3.1
Finite-state Concurrent System Verifier.

Copyright (C) 1992 - 1999 by the Board of Trustees of
Leland Stanford Junior University.

==========================================================================

Protocol: msi_opt

Algorithm:
	Verification by breadth first search.
	with symmetry algorithm 3 -- Heuristic Small Memory Normalization
	with permutation trial limit 10.

Memory usage:

	* The size of each state is 5856 bits (rounded up to 732 bytes).
	* The memory allocated for the hash table and state queue is
	  1023 Mbytes.
	  With two words of overhead per state, the maximum size of
	  the state space is 1385287 states.
	   * Use option "-k" or "-m" to increase this, if necessary.
	* Capacity in queue for breadth-first search: 1108229 states.
	   * Change the constant gPercentActiveStates in mu_prolog.inc
	     to increase this, if necessary.

Progress Report:

	1000 states explored in 0.44s, with 2138 rules fired and 541 states in the queue.
	2000 states explored in 0.50s, with 4289 rules fired and 1014 states in the queue.
	3000 states explored in 0.55s, with 6400 rules fired and 1456 states in the queue.
	4000 states explored in 0.60s, with 8544 rules fired and 1963 states in the queue.
	5000 states explored in 0.64s, with 10517 rules fired and 2457 states in the queue.
0000	6000 states explored in 0.71s, with 12903 rules fired and 2845 states in the queue.
	7000 states explored in 0.75s, with 15100 rules fired and 3360 states in the queue.
	8000 states explored in 0.82s, with 17485 rules fired and 3837 states in the queue.
	9000 states explored in 0.87s, with 20030 rules fired and 4204 states in the queue.
	10000 states explored in 0.93s, with 22379 rules fired and 4591 states in the queue.
00000000000000000000000000000000	11000 states explored in 1.00s, with 25394 rules fired and 4783 states in the queue.
	12000 states explored in 1.07s, with 28322 rules fired and 5171 states in the queue.
	13000 states explored in 1.14s, with 31421 rules fired and 5502 states in the queue.
0000	14000 states explored in 1.22s, with 35073 rules fired and 5497 states in the queue.
000000	15000 states explored in 1.31s, with 38955 rules fired and 5372 states in the queue.
0000000000000000000000000000000000000000000000000000000000000000000000000	16000 states explored in 1.37s, with 41571 rules fired and 5686 states in the queue.
0000000000000000000000000000000000000000000000000	17000 states explored in 1.45s, with 44770 rules fired and 5929 states in the queue.
	18000 states explored in 1.52s, with 47760 rules fired and 6281 states in the queue.
	19000 states explored in 1.61s, with 51692 rules fired and 6468 states in the queue.
000000000000000000000	20000 states explored in 1.69s, with 55003 rules fired and 6586 states in the queue.
00000000000000000000000000	21000 states explored in 1.77s, with 58167 rules fired and 6694 states in the queue.
000000000000000000000	22000 states explored in 1.84s, with 61109 rules fired and 6968 states in the queue.
00000000000000000000000000000000000000000000000000000000000000000000000000000000000	23000 states explored in 1.92s, with 64056 rules fired and 7132 states in the queue.
00000000000000000000000000000000000000000000000000000000000000000000000000000000000000000000000000000000000000000000000000000000000000000000000000000000000	24000 states explored in 2.00s, with 68017 rules fired and 7081 states in the queue.
	25000 states explored in 2.14s, with 74019 rules fired and 6027 states in the queue.
00000000000000000000000000000000000000000000000000000000000000000000	26000 states explored in 2.25s, with 78402 rules fired and 5428 states in the queue.
00000000000000000000000000000000000000000000000000000000000000000000000000000000000000000000000000000000000000000000000000000000000000000	27000 states explored in 2.35s, with 82964 rules fired and 4671 states in the queue.
000000000000000000000000000000000000000000	28000 states explored in 2.43s, with 85745 rules fired and 4997 states in the queue.
0000000000000000000000000000000000000	29000 states explored in 2.52s, with 90079 rules fired and 4774 states in the queue.
	30000 states explored in 2.59s, with 92950 rules fired and 4888 states in the queue.
00000000000000	31000 states explored in 2.66s, with 95761 rules fired and 4905 states in the queue.
0000000000000000000000000000000000000000000000000000000000000000000000000-1
The following is the error trace for the error:

	Assertion failed: error at Proc_SM_A, returning cruise missile should have ack_cnt 0

Startstate Startstate 0 fired.
HomeNode.state:Dir_I
HomeNode.owner:Undefined
HomeNode.val:Value_3
HomeNode.ack_cnt:0
Procs[Proc_1].state:Proc_I
Procs[Proc_1].val:Undefined
Procs[Proc_1].ack_cnt:0
Procs[Proc_1].nextProc:Proc_2
Procs[Proc_1].prevProc:Proc_3
Procs[Proc_2].state:Proc_I
Procs[Proc_2].val:Undefined
Procs[Proc_2].ack_cnt:0
Procs[Proc_2].nextProc:Proc_3
Procs[Proc_2].prevProc:Proc_1
Procs[Proc_3].state:Proc_I
Procs[Proc_3].val:Undefined
Procs[Proc_3].ack_cnt:0
Procs[Proc_3].nextProc:Proc_1
Procs[Proc_3].prevProc:Proc_2
InBox[HomeDir][RequestChannel].mtype:Undefined
InBox[HomeDir][RequestChannel].src:Undefined
InBox[HomeDir][RequestChannel].mid:Undefined
InBox[HomeDir][RequestChannel].vc:Undefined
InBox[HomeDir][RequestChannel].val:Undefined
InBox[HomeDir][RequestChannel].fwd_to:Undefined
InBox[HomeDir][RequestChannel].ack_cnt:Undefined
InBox[HomeDir][ResponseChannel].mtype:Undefined
InBox[HomeDir][ResponseChannel].src:Undefined
InBox[HomeDir][ResponseChannel].mid:Undefined
InBox[HomeDir][ResponseChannel].vc:Undefined
InBox[HomeDir][ResponseChannel].val:Undefined
InBox[HomeDir][ResponseChannel].fwd_to:Undefined
InBox[HomeDir][ResponseChannel].ack_cnt:Undefined
InBox[HomeDir][ForwardChannel].mtype:Undefined
InBox[HomeDir][ForwardChannel].src:Undefined
InBox[HomeDir][ForwardChannel].mid:Undefined
InBox[HomeDir][ForwardChannel].vc:Undefined
InBox[HomeDir][ForwardChannel].val:Undefined
InBox[HomeDir][ForwardChannel].fwd_to:Undefined
InBox[HomeDir][ForwardChannel].ack_cnt:Undefined
InBox[Proc_1][RequestChannel].mtype:Undefined
InBox[Proc_1][RequestChannel].src:Undefined
InBox[Proc_1][RequestChannel].mid:Undefined
InBox[Proc_1][RequestChannel].vc:Undefined
InBox[Proc_1][RequestChannel].val:Undefined
InBox[Proc_1][RequestChannel].fwd_to:Undefined
InBox[Proc_1][RequestChannel].ack_cnt:Undefined
InBox[Proc_1][ResponseChannel].mtype:Undefined
InBox[Proc_1][ResponseChannel].src:Undefined
InBox[Proc_1][ResponseChannel].mid:Undefined
InBox[Proc_1][ResponseChannel].vc:Undefined
InBox[Proc_1][ResponseChannel].val:Undefined
InBox[Proc_1][ResponseChannel].fwd_to:Undefined
InBox[Proc_1][ResponseChannel].ack_cnt:Undefined
InBox[Proc_1][ForwardChannel].mtype:Undefined
InBox[Proc_1][ForwardChannel].src:Undefined
InBox[Proc_1][ForwardChannel].mid:Undefined
InBox[Proc_1][ForwardChannel].vc:Undefined
InBox[Proc_1][ForwardChannel].val:Undefined
InBox[Proc_1][ForwardChannel].fwd_to:Undefined
InBox[Proc_1][ForwardChannel].ack_cnt:Undefined
InBox[Proc_2][RequestChannel].mtype:Undefined
InBox[Proc_2][RequestChannel].src:Undefined
InBox[Proc_2][RequestChannel].mid:Undefined
InBox[Proc_2][RequestChannel].vc:Undefined
InBox[Proc_2][RequestChannel].val:Undefined
InBox[Proc_2][RequestChannel].fwd_to:Undefined
InBox[Proc_2][RequestChannel].ack_cnt:Undefined
InBox[Proc_2][ResponseChannel].mtype:Undefined
InBox[Proc_2][ResponseChannel].src:Undefined
InBox[Proc_2][ResponseChannel].mid:Undefined
InBox[Proc_2][ResponseChannel].vc:Undefined
InBox[Proc_2][ResponseChannel].val:Undefined
InBox[Proc_2][ResponseChannel].fwd_to:Undefined
InBox[Proc_2][ResponseChannel].ack_cnt:Undefined
InBox[Proc_2][ForwardChannel].mtype:Undefined
InBox[Proc_2][ForwardChannel].src:Undefined
InBox[Proc_2][ForwardChannel].mid:Undefined
InBox[Proc_2][ForwardChannel].vc:Undefined
InBox[Proc_2][ForwardChannel].val:Undefined
InBox[Proc_2][ForwardChannel].fwd_to:Undefined
InBox[Proc_2][ForwardChannel].ack_cnt:Undefined
InBox[Proc_3][RequestChannel].mtype:Undefined
InBox[Proc_3][RequestChannel].src:Undefined
InBox[Proc_3][RequestChannel].mid:Undefined
InBox[Proc_3][RequestChannel].vc:Undefined
InBox[Proc_3][RequestChannel].val:Undefined
InBox[Proc_3][RequestChannel].fwd_to:Undefined
InBox[Proc_3][RequestChannel].ack_cnt:Undefined
InBox[Proc_3][ResponseChannel].mtype:Undefined
InBox[Proc_3][ResponseChannel].src:Undefined
InBox[Proc_3][ResponseChannel].mid:Undefined
InBox[Proc_3][ResponseChannel].vc:Undefined
InBox[Proc_3][ResponseChannel].val:Undefined
InBox[Proc_3][ResponseChannel].fwd_to:Undefined
InBox[Proc_3][ResponseChannel].ack_cnt:Undefined
InBox[Proc_3][ForwardChannel].mtype:Undefined
InBox[Proc_3][ForwardChannel].src:Undefined
InBox[Proc_3][ForwardChannel].mid:Undefined
InBox[Proc_3][ForwardChannel].vc:Undefined
InBox[Proc_3][ForwardChannel].val:Undefined
InBox[Proc_3][ForwardChannel].fwd_to:Undefined
InBox[Proc_3][ForwardChannel].ack_cnt:Undefined
msg_processed:Undefined
running_msgid:0
LastWrite:Value_3
----------

Rule I ==(load)==> S, n:Proc_1 fired.
Procs[Proc_1].state:Proc_IS_D
Net[HomeDir]{0}.mtype:GetS
Net[HomeDir]{0}.src:Proc_1
Net[HomeDir]{0}.mid:0
Net[HomeDir]{0}.vc:ForwardChannel
Net[HomeDir]{0}.val:Undefined
Net[HomeDir]{0}.fwd_to:Undefined
Net[HomeDir]{0}.ack_cnt:0
running_msgid:1
----------

Rule receive-net, midx:0, n:HomeDir fired.
HomeNode.state:Dir_S
HomeNode.sharers{0}:Proc_1
Net[HomeDir]{0}.mtype:Undefined
Net[HomeDir]{0}.src:Undefined
Net[HomeDir]{0}.mid:Undefined
Net[HomeDir]{0}.vc:Undefined
Net[HomeDir]{0}.val:Undefined
Net[HomeDir]{0}.fwd_to:Undefined
Net[HomeDir]{0}.ack_cnt:Undefined
Net[Proc_1]{0}.mtype:Data
Net[Proc_1]{0}.src:HomeDir
Net[Proc_1]{0}.mid:1
Net[Proc_1]{0}.vc:ResponseChannel
Net[Proc_1]{0}.val:Value_3
Net[Proc_1]{0}.fwd_to:Undefined
Net[Proc_1]{0}.ack_cnt:0
msg_processed:true
----------

Rule receive-net, midx:0, n:Proc_1 fired.
Procs[Proc_1].state:Proc_S
Procs[Proc_1].val:Value_3
Net[Proc_1]{0}.mtype:Undefined
Net[Proc_1]{0}.src:Undefined
Net[Proc_1]{0}.mid:Undefined
Net[Proc_1]{0}.vc:Undefined
Net[Proc_1]{0}.val:Undefined
Net[Proc_1]{0}.fwd_to:Undefined
Net[Proc_1]{0}.ack_cnt:Undefined
----------

Rule I ==(load)==> S, n:Proc_3 fired.
Procs[Proc_3].state:Proc_IS_D
Net[HomeDir]{0}.mtype:GetS
Net[HomeDir]{0}.src:Proc_3
Net[HomeDir]{0}.mid:1
Net[HomeDir]{0}.vc:ForwardChannel
Net[HomeDir]{0}.val:Undefined
Net[HomeDir]{0}.fwd_to:Undefined
Net[HomeDir]{0}.ack_cnt:0
----------

Rule receive-net, midx:0, n:HomeDir fired.
HomeNode.sharers{1}:Proc_3
Net[HomeDir]{0}.mtype:Undefined
Net[HomeDir]{0}.src:Undefined
Net[HomeDir]{0}.mid:Undefined
Net[HomeDir]{0}.vc:Undefined
Net[HomeDir]{0}.val:Undefined
Net[HomeDir]{0}.fwd_to:Undefined
Net[HomeDir]{0}.ack_cnt:Undefined
Net[Proc_3]{0}.mtype:Data
Net[Proc_3]{0}.src:HomeDir
Net[Proc_3]{0}.mid:1
Net[Proc_3]{0}.vc:ResponseChannel
Net[Proc_3]{0}.val:Value_3
Net[Proc_3]{0}.fwd_to:Undefined
Net[Proc_3]{0}.ack_cnt:0
----------

Rule receive-net, midx:0, n:Proc_3 fired.
Procs[Proc_3].state:Proc_S
Procs[Proc_3].val:Value_3
Net[Proc_3]{0}.mtype:Undefined
Net[Proc_3]{0}.src:Undefined
Net[Proc_3]{0}.mid:Undefined
Net[Proc_3]{0}.vc:Undefined
Net[Proc_3]{0}.val:Undefined
Net[Proc_3]{0}.fwd_to:Undefined
Net[Proc_3]{0}.ack_cnt:Undefined
----------

Rule I ==(store)==> M, v:Value_3, n:Proc_2 fired.
Procs[Proc_2].state:Proc_IM_D
Procs[Proc_2].val:Value_3
Net[HomeDir]{0}.mtype:GetM
Net[HomeDir]{0}.src:Proc_2
Net[HomeDir]{0}.mid:1
Net[HomeDir]{0}.vc:RequestChannel
Net[HomeDir]{0}.val:Undefined
Net[HomeDir]{0}.fwd_to:Undefined
Net[HomeDir]{0}.ack_cnt:0
----------

Rule S ==(evict)==> I, n:Proc_3 fired.
Procs[Proc_3].state:Proc_SI_A
Net[HomeDir]{1}.mtype:PutS
Net[HomeDir]{1}.src:Proc_3
Net[HomeDir]{1}.mid:1
Net[HomeDir]{1}.vc:RequestChannel
Net[HomeDir]{1}.val:Undefined
Net[HomeDir]{1}.fwd_to:Undefined
Net[HomeDir]{1}.ack_cnt:0
----------

Rule receive-net, midx:1, n:HomeDir fired.
HomeNode.sharers{1}:Undefined
Net[HomeDir]{1}.mtype:Undefined
Net[HomeDir]{1}.src:Undefined
Net[HomeDir]{1}.mid:Undefined
Net[HomeDir]{1}.vc:Undefined
Net[HomeDir]{1}.val:Undefined
Net[HomeDir]{1}.fwd_to:Undefined
Net[HomeDir]{1}.ack_cnt:Undefined
Net[Proc_3]{0}.mtype:PutAck
Net[Proc_3]{0}.src:HomeDir
Net[Proc_3]{0}.mid:1
Net[Proc_3]{0}.vc:ResponseChannel
Net[Proc_3]{0}.val:Undefined
Net[Proc_3]{0}.fwd_to:Undefined
Net[Proc_3]{0}.ack_cnt:0
----------

Rule receive-net, midx:0, n:HomeDir fired.
HomeNode.state:Dir_SM_A
HomeNode.owner:Proc_2
Net[HomeDir]{0}.mtype:Undefined
Net[HomeDir]{0}.src:Undefined
Net[HomeDir]{0}.mid:Undefined
Net[HomeDir]{0}.vc:Undefined
Net[HomeDir]{0}.val:Undefined
Net[HomeDir]{0}.fwd_to:Undefined
Net[HomeDir]{0}.ack_cnt:Undefined
Net[Proc_2]{0}.mtype:Data
Net[Proc_2]{0}.src:HomeDir
Net[Proc_2]{0}.mid:1
Net[Proc_2]{0}.vc:ResponseChannel
Net[Proc_2]{0}.val:Value_3
Net[Proc_2]{0}.fwd_to:Undefined
Net[Proc_2]{0}.ack_cnt:1
----------

Rule receive-net, midx:0, n:Proc_2 fired.
Procs[Proc_2].state:Proc_IM_A
Net[Proc_2]{0}.mtype:Undefined
Net[Proc_2]{0}.src:Undefined
Net[Proc_2]{0}.mid:Undefined
Net[Proc_2]{0}.vc:Undefined
Net[Proc_2]{0}.val:Undefined
Net[Proc_2]{0}.fwd_to:Undefined
Net[Proc_2]{0}.ack_cnt:Undefined
Net[Proc_3]{1}.mtype:Inv
Net[Proc_3]{1}.src:Proc_2
Net[Proc_3]{1}.mid:1
Net[Proc_3]{1}.vc:ForwardChannel
Net[Proc_3]{1}.val:Undefined
Net[Proc_3]{1}.fwd_to:Undefined
Net[Proc_3]{1}.ack_cnt:1
----------

Rule receive-net, midx:1, n:Proc_3 fired.
Procs[Proc_3].state:Proc_II_A
Net[Proc_1]{0}.mtype:Inv
Net[Proc_1]{0}.src:Proc_3
Net[Proc_1]{0}.mid:1
Net[Proc_1]{0}.vc:ForwardChannel
Net[Proc_1]{0}.val:Undefined
Net[Proc_1]{0}.fwd_to:Undefined
Net[Proc_1]{0}.ack_cnt:0
Net[Proc_3]{1}.mtype:Undefined
Net[Proc_3]{1}.src:Undefined
Net[Proc_3]{1}.mid:Undefined
Net[Proc_3]{1}.vc:Undefined
Net[Proc_3]{1}.val:Undefined
Net[Proc_3]{1}.fwd_to:Undefined
Net[Proc_3]{1}.ack_cnt:Undefined
----------

Rule receive-net, midx:0, n:Proc_1 fired.
Procs[Proc_1].state:Proc_I
Procs[Proc_1].val:Undefined
Net[Proc_1]{0}.mtype:Undefined
Net[Proc_1]{0}.src:Undefined
Net[Proc_1]{0}.mid:Undefined
Net[Proc_1]{0}.vc:Undefined
Net[Proc_1]{0}.val:Undefined
Net[Proc_1]{0}.fwd_to:Undefined
Net[Proc_1]{0}.ack_cnt:Undefined
Net[Proc_2]{0}.mtype:Inv
Net[Proc_2]{0}.src:Proc_1
Net[Proc_2]{0}.mid:1
Net[Proc_2]{0}.vc:ForwardChannel
Net[Proc_2]{0}.val:Undefined
Net[Proc_2]{0}.fwd_to:Undefined
Net[Proc_2]{0}.ack_cnt:-1
----------

-1Rule receive-net, midx:0, n:Proc_2 fired.
The last state of the trace (in full) is:
HomeNode.state:Dir_SM_A
HomeNode.owner:Proc_2
HomeNode.val:Value_3
HomeNode.sharers{0}:Proc_1
HomeNode.ack_cnt:0
Procs[Proc_1].state:Proc_I
Procs[Proc_1].val:Undefined
Procs[Proc_1].ack_cnt:0
Procs[Proc_1].nextProc:Proc_2
Procs[Proc_1].prevProc:Proc_3
Procs[Proc_2].state:Proc_IM_A
Procs[Proc_2].val:Value_3
Procs[Proc_2].ack_cnt:0
Procs[Proc_2].nextProc:Proc_3
Procs[Proc_2].prevProc:Proc_1
Procs[Proc_3].state:Proc_II_A
Procs[Proc_3].val:Value_3
Procs[Proc_3].ack_cnt:0
Procs[Proc_3].nextProc:Proc_1
Procs[Proc_3].prevProc:Proc_2
Net[Proc_2]{0}.mtype:Inv
Net[Proc_2]{0}.src:Proc_1
Net[Proc_2]{0}.mid:1
Net[Proc_2]{0}.vc:ForwardChannel
Net[Proc_2]{0}.val:Undefined
Net[Proc_2]{0}.fwd_to:Undefined
Net[Proc_2]{0}.ack_cnt:-1
Net[Proc_3]{0}.mtype:PutAck
Net[Proc_3]{0}.src:HomeDir
Net[Proc_3]{0}.mid:1
Net[Proc_3]{0}.vc:ResponseChannel
Net[Proc_3]{0}.val:Undefined
Net[Proc_3]{0}.fwd_to:Undefined
Net[Proc_3]{0}.ack_cnt:0
InBox[HomeDir][RequestChannel].mtype:Undefined
InBox[HomeDir][RequestChannel].src:Undefined
InBox[HomeDir][RequestChannel].mid:Undefined
InBox[HomeDir][RequestChannel].vc:Undefined
InBox[HomeDir][RequestChannel].val:Undefined
InBox[HomeDir][RequestChannel].fwd_to:Undefined
InBox[HomeDir][RequestChannel].ack_cnt:Undefined
InBox[HomeDir][ResponseChannel].mtype:Undefined
InBox[HomeDir][ResponseChannel].src:Undefined
InBox[HomeDir][ResponseChannel].mid:Undefined
InBox[HomeDir][ResponseChannel].vc:Undefined
InBox[HomeDir][ResponseChannel].val:Undefined
InBox[HomeDir][ResponseChannel].fwd_to:Undefined
InBox[HomeDir][ResponseChannel].ack_cnt:Undefined
InBox[HomeDir][ForwardChannel].mtype:Undefined
InBox[HomeDir][ForwardChannel].src:Undefined
InBox[HomeDir][ForwardChannel].mid:Undefined
InBox[HomeDir][ForwardChannel].vc:Undefined
InBox[HomeDir][ForwardChannel].val:Undefined
InBox[HomeDir][ForwardChannel].fwd_to:Undefined
InBox[HomeDir][ForwardChannel].ack_cnt:Undefined
InBox[Proc_1][RequestChannel].mtype:Undefined
InBox[Proc_1][RequestChannel].src:Undefined
InBox[Proc_1][RequestChannel].mid:Undefined
InBox[Proc_1][RequestChannel].vc:Undefined
InBox[Proc_1][RequestChannel].val:Undefined
InBox[Proc_1][RequestChannel].fwd_to:Undefined
InBox[Proc_1][RequestChannel].ack_cnt:Undefined
InBox[Proc_1][ResponseChannel].mtype:Undefined
InBox[Proc_1][ResponseChannel].src:Undefined
InBox[Proc_1][ResponseChannel].mid:Undefined
InBox[Proc_1][ResponseChannel].vc:Undefined
InBox[Proc_1][ResponseChannel].val:Undefined
InBox[Proc_1][ResponseChannel].fwd_to:Undefined
InBox[Proc_1][ResponseChannel].ack_cnt:Undefined
InBox[Proc_1][ForwardChannel].mtype:Undefined
InBox[Proc_1][ForwardChannel].src:Undefined
InBox[Proc_1][ForwardChannel].mid:Undefined
InBox[Proc_1][ForwardChannel].vc:Undefined
InBox[Proc_1][ForwardChannel].val:Undefined
InBox[Proc_1][ForwardChannel].fwd_to:Undefined
InBox[Proc_1][ForwardChannel].ack_cnt:Undefined
InBox[Proc_2][RequestChannel].mtype:Undefined
InBox[Proc_2][RequestChannel].src:Undefined
InBox[Proc_2][RequestChannel].mid:Undefined
InBox[Proc_2][RequestChannel].vc:Undefined
InBox[Proc_2][RequestChannel].val:Undefined
InBox[Proc_2][RequestChannel].fwd_to:Undefined
InBox[Proc_2][RequestChannel].ack_cnt:Undefined
InBox[Proc_2][ResponseChannel].mtype:Undefined
InBox[Proc_2][ResponseChannel].src:Undefined
InBox[Proc_2][ResponseChannel].mid:Undefined
InBox[Proc_2][ResponseChannel].vc:Undefined
InBox[Proc_2][ResponseChannel].val:Undefined
InBox[Proc_2][ResponseChannel].fwd_to:Undefined
InBox[Proc_2][ResponseChannel].ack_cnt:Undefined
InBox[Proc_2][ForwardChannel].mtype:Undefined
InBox[Proc_2][ForwardChannel].src:Undefined
InBox[Proc_2][ForwardChannel].mid:Undefined
InBox[Proc_2][ForwardChannel].vc:Undefined
InBox[Proc_2][ForwardChannel].val:Undefined
InBox[Proc_2][ForwardChannel].fwd_to:Undefined
InBox[Proc_2][ForwardChannel].ack_cnt:Undefined
InBox[Proc_3][RequestChannel].mtype:Undefined
InBox[Proc_3][RequestChannel].src:Undefined
InBox[Proc_3][RequestChannel].mid:Undefined
InBox[Proc_3][RequestChannel].vc:Undefined
InBox[Proc_3][RequestChannel].val:Undefined
InBox[Proc_3][RequestChannel].fwd_to:Undefined
InBox[Proc_3][RequestChannel].ack_cnt:Undefined
InBox[Proc_3][ResponseChannel].mtype:Undefined
InBox[Proc_3][ResponseChannel].src:Undefined
InBox[Proc_3][ResponseChannel].mid:Undefined
InBox[Proc_3][ResponseChannel].vc:Undefined
InBox[Proc_3][ResponseChannel].val:Undefined
InBox[Proc_3][ResponseChannel].fwd_to:Undefined
InBox[Proc_3][ResponseChannel].ack_cnt:Undefined
InBox[Proc_3][ForwardChannel].mtype:Undefined
InBox[Proc_3][ForwardChannel].src:Undefined
InBox[Proc_3][ForwardChannel].mid:Undefined
InBox[Proc_3][ForwardChannel].vc:Undefined
InBox[Proc_3][ForwardChannel].val:Undefined
InBox[Proc_3][ForwardChannel].fwd_to:Undefined
InBox[Proc_3][ForwardChannel].ack_cnt:Undefined
msg_processed:true
running_msgid:1
LastWrite:Value_3
----------

End of the error trace.

==========================================================================

Result:

	Assertion failed: error at Proc_SM_A, returning cruise missile should have ack_cnt 0

State Space Explored:

	31981 states, 98383 rules fired in 2.73s.

Analysis of State Space:

	There are rules that are never fired.
	If you are running with symmetry, this may be why.  Otherwise,
	please run this program with "-pr" for the rules information.
	The maximum size for the multiset "HomeNode.sharers" is: 3.
	The maximum size for the multiset "Net[HomeDir]" is: 4.
	The maximum size for the multiset "Net[Proc_1]" is: 1.
	The maximum size for the multiset "Net[Proc_2]" is: 2.
	The maximum size for the multiset "Net[Proc_3]" is: 2.
