This program should be regarded as a DEBUGGING aid, not as a 
certifier of correctness.
Call with the -l flag or read the license file for terms
and conditions of use.
Run this program with "-h" for the list of options.

Bugs, questions, and comments should be directed to
"murphi@verify.stanford.edu".

Murphi compiler last modified date: Jan 29 1999
Include files   last modified date: Jan 29 1999
==========================================================================

==========================================================================
Murphi Release 3.1
Finite-state Concurrent System Verifier.

Copyright (C) 1992 - 1999 by the Board of Trustees of
Leland Stanford Junior University.

==========================================================================

Protocol: msi

Algorithm:
	Simulation.
Start Simulation :

I ==(store)==> M Create Msg 0:: type: GetM, src: 2, dst: 5, ack_cnt: 0, src_state: Proc_IM_AD, dst_state: Dir_I
  Receive Msg 0:: type: GetM, src: 2, dst: 5, ack_cnt: 0, src_state: Proc_IM_AD, dst_state: Dir_I
 Create Msg 1:: type: Data, src: 5, dst: 2, ack_cnt: 0, src_state: Dir_M, dst_state: Proc_IM_AD, val: 4
I ==(store)==> M Create Msg 2:: type: GetM, src: 1, dst: 5, ack_cnt: 0, src_state: Proc_IM_AD, dst_state: Dir_M
  Receive Msg 1:: type: Data, src: 5, dst: 2, ack_cnt: 0, src_state: Dir_M, dst_state: Proc_IM_AD, val: 4
M ==(evict)==> I Create Msg 3:: type: PutM, src: 2, dst: 5, ack_cnt: 0, src_state: Proc_MI_A, dst_state: Dir_M, val: 3
  Receive Msg 3:: type: PutM, src: 2, dst: 5, ack_cnt: 0, src_state: Proc_MI_A, dst_state: Dir_M, val: 3
 Create Msg 4:: type: PutAck, src: 5, dst: 2, ack_cnt: 0, src_state: Dir_I, dst_state: Proc_MI_A
  Receive Msg 2:: type: GetM, src: 1, dst: 5, ack_cnt: 0, src_state: Proc_IM_AD, dst_state: Dir_I
 Create Msg 5:: type: Data, src: 5, dst: 1, ack_cnt: 0, src_state: Dir_M, dst_state: Proc_IM_AD, val: 3
  Receive Msg 4:: type: PutAck, src: 5, dst: 2, ack_cnt: 0, src_state: Dir_M, dst_state: Proc_MI_A
I ==(store)==> M Create Msg 6:: type: GetM, src: 2, dst: 5, ack_cnt: 0, src_state: Proc_IM_AD, dst_state: Dir_M
  Receive Msg 5:: type: Data, src: 5, dst: 1, ack_cnt: 0, src_state: Dir_M, dst_state: Proc_IM_AD, val: 3
M ==(evict)==> I Create Msg 7:: type: PutM, src: 1, dst: 5, ack_cnt: 0, src_state: Proc_MI_A, dst_state: Dir_M, val: 4
  Receive Msg 7:: type: PutM, src: 1, dst: 5, ack_cnt: 0, src_state: Proc_MI_A, dst_state: Dir_M, val: 4
 Create Msg 8:: type: PutAck, src: 5, dst: 1, ack_cnt: 0, src_state: Dir_I, dst_state: Proc_MI_A
  Receive Msg 8:: type: PutAck, src: 5, dst: 1, ack_cnt: 0, src_state: Dir_I, dst_state: Proc_MI_A
I ==(store)==> M Create Msg 9:: type: GetM, src: 1, dst: 5, ack_cnt: 0, src_state: Proc_IM_AD, dst_state: Dir_I
  Receive Msg 9:: type: GetM, src: 1, dst: 5, ack_cnt: 0, src_state: Proc_IM_AD, dst_state: Dir_I
 Create Msg 10:: type: Data, src: 5, dst: 1, ack_cnt: 0, src_state: Dir_M, dst_state: Proc_IM_AD, val: 4
  Receive Msg 10:: type: Data, src: 5, dst: 1, ack_cnt: 0, src_state: Dir_M, dst_state: Proc_IM_AD, val: 4
M ==(evict)==> I Create Msg 11:: type: PutM, src: 1, dst: 5, ack_cnt: 0, src_state: Proc_MI_A, dst_state: Dir_M, val: 3
  Receive Msg 6:: type: GetM, src: 2, dst: 5, ack_cnt: 0, src_state: Proc_IM_AD, dst_state: Dir_M
 Create Msg 12:: type: FwdGetM, src: 5, dst: 1, ack_cnt: 0, src_state: Dir_MM_A, dst_state: Proc_MI_A, fwd_to: 2
  Receive Msg 12:: type: FwdGetM, src: 5, dst: 1, ack_cnt: 0, src_state: Dir_MM_A, dst_state: Proc_MI_A, fwd_to: 2
 Create Msg 13:: type: Data, src: 1, dst: 2, ack_cnt: 0, src_state: Proc_II_A, dst_state: Proc_IM_AD, val: 3
 Create Msg 14:: type: FwdAck, src: 1, dst: 5, ack_cnt: 0, src_state: Proc_II_A, dst_state: Dir_MM_A
  Receive Msg 13:: type: Data, src: 1, dst: 2, ack_cnt: 0, src_state: Proc_II_A, dst_state: Proc_IM_AD, val: 3
M ==(evict)==> I Create Msg 15:: type: PutM, src: 2, dst: 5, ack_cnt: 0, src_state: Proc_MI_A, dst_state: Dir_MM_A, val: 3
  Receive Msg 15:: type: PutM, src: 2, dst: 5, ack_cnt: 0, src_state: Proc_MI_A, dst_state: Dir_MM_A, val: 3
  Receive Msg 14:: type: FwdAck, src: 1, dst: 5, ack_cnt: 0, src_state: Proc_II_A, dst_state: Dir_MM_A
 Create Msg 16:: type: PutAck, src: 5, dst: 2, ack_cnt: 0, src_state: Dir_I, dst_state: Proc_MI_A
  Receive Msg 11:: type: PutM, src: 1, dst: 5, ack_cnt: 0, src_state: Proc_II_A, dst_state: Dir_I, val: 3
 Create Msg 17:: type: PutAck, src: 5, dst: 1, ack_cnt: 0, src_state: Dir_I, dst_state: Proc_II_A
  Receive Msg 16:: type: PutAck, src: 5, dst: 2, ack_cnt: 0, src_state: Dir_I, dst_state: Proc_MI_A
I ==(store)==> M Create Msg 18:: type: GetM, src: 2, dst: 5, ack_cnt: 0, src_state: Proc_IM_AD, dst_state: Dir_I
  Receive Msg 17:: type: PutAck, src: 5, dst: 1, ack_cnt: 0, src_state: Dir_I, dst_state: Proc_II_A
I ==(store)==> M Create Msg 19:: type: GetM, src: 1, dst: 5, ack_cnt: 0, src_state: Proc_IM_AD, dst_state: Dir_I
  Receive Msg 19:: type: GetM, src: 1, dst: 5, ack_cnt: 0, src_state: Proc_IM_AD, dst_state: Dir_I
 Create Msg 20:: type: Data, src: 5, dst: 1, ack_cnt: 0, src_state: Dir_M, dst_state: Proc_IM_AD, val: 3
  Receive Msg 20:: type: Data, src: 5, dst: 1, ack_cnt: 0, src_state: Dir_M, dst_state: Proc_IM_AD, val: 3
  Receive Msg 18:: type: GetM, src: 2, dst: 5, ack_cnt: 0, src_state: Proc_IM_AD, dst_state: Dir_M
 Create Msg 21:: type: FwdGetM, src: 5, dst: 1, ack_cnt: 0, src_state: Dir_MM_A, dst_state: Proc_M, fwd_to: 2
  Receive Msg 21:: type: FwdGetM, src: 5, dst: 1, ack_cnt: 0, src_state: Dir_MM_A, dst_state: Proc_M, fwd_to: 2
 Create Msg 22:: type: Data, src: 1, dst: 2, ack_cnt: 0, src_state: Proc_I, dst_state: Proc_IM_AD, val: 4
 Create Msg 23:: type: FwdAck, src: 1, dst: 5, ack_cnt: 0, src_state: Proc_I, dst_state: Dir_MM_A
I ==(store)==> M Create Msg 24:: type: GetM, src: 1, dst: 5, ack_cnt: 0, src_state: Proc_IM_AD, dst_state: Dir_MM_A
  Receive Msg 22:: type: Data, src: 1, dst: 2, ack_cnt: 0, src_state: Proc_IM_AD, dst_state: Proc_IM_AD, val: 4
M ==(evict)==> I Create Msg 25:: type: PutM, src: 2, dst: 5, ack_cnt: 0, src_state: Proc_MI_A, dst_state: Dir_MM_A, val: 4
  Receive Msg 23:: type: FwdAck, src: 1, dst: 5, ack_cnt: 0, src_state: Proc_IM_AD, dst_state: Dir_MM_A
  Receive Msg 24:: type: GetM, src: 1, dst: 5, ack_cnt: 0, src_state: Proc_IM_AD, dst_state: Dir_M
 Create Msg 26:: type: FwdGetM, src: 5, dst: 2, ack_cnt: 0, src_state: Dir_MM_A, dst_state: Proc_MI_A, fwd_to: 1
  Receive Msg 26:: type: FwdGetM, src: 5, dst: 2, ack_cnt: 0, src_state: Dir_MM_A, dst_state: Proc_MI_A, fwd_to: 1
 Create Msg 27:: type: Data, src: 2, dst: 1, ack_cnt: 0, src_state: Proc_II_A, dst_state: Proc_IM_AD, val: 4
 Create Msg 28:: type: FwdAck, src: 2, dst: 5, ack_cnt: 0, src_state: Proc_II_A, dst_state: Dir_MM_A
  Receive Msg 27:: type: Data, src: 2, dst: 1, ack_cnt: 0, src_state: Proc_II_A, dst_state: Proc_IM_AD, val: 4
M ==(evict)==> I Create Msg 29:: type: PutM, src: 1, dst: 5, ack_cnt: 0, src_state: Proc_MI_A, dst_state: Dir_MM_A, val: 3
  Receive Msg 29:: type: PutM, src: 1, dst: 5, ack_cnt: 0, src_state: Proc_MI_A, dst_state: Dir_MM_A, val: 3
  Receive Msg 28:: type: FwdAck, src: 2, dst: 5, ack_cnt: 0, src_state: Proc_II_A, dst_state: Dir_MM_A
 Create Msg 30:: type: PutAck, src: 5, dst: 1, ack_cnt: 0, src_state: Dir_I, dst_state: Proc_MI_A
  Receive Msg 30:: type: PutAck, src: 5, dst: 1, ack_cnt: 0, src_state: Dir_I, dst_state: Proc_MI_A
I ==(load)==> S Create Msg 31:: type: GetS, src: 1, dst: 5, ack_cnt: 0, src_state: Proc_IS_D, dst_state: Dir_I
  Receive Msg 31:: type: GetS, src: 1, dst: 5, ack_cnt: 0, src_state: Proc_IS_D, dst_state: Dir_I
 Create Msg 32:: type: Data, src: 5, dst: 1, ack_cnt: 0, src_state: Dir_S, dst_state: Proc_IS_D, val: 3
  Receive Msg 25:: type: PutM, src: 2, dst: 5, ack_cnt: 0, src_state: Proc_II_A, dst_state: Dir_S, val: 4
 Create Msg 33:: type: PutAck, src: 5, dst: 2, ack_cnt: 0, src_state: Dir_S, dst_state: Proc_II_A
  Receive Msg 32:: type: Data, src: 5, dst: 1, ack_cnt: 0, src_state: Dir_S, dst_state: Proc_IS_D, val: 3
S ==(evict)==> I Create Msg 34:: type: PutS, src: 1, dst: 5, ack_cnt: 0, src_state: Proc_SI_A, dst_state: Dir_S
  Receive Msg 33:: type: PutAck, src: 5, dst: 2, ack_cnt: 0, src_state: Dir_S, dst_state: Proc_II_A
I ==(store)==> M Create Msg 35:: type: GetM, src: 2, dst: 5, ack_cnt: 0, src_state: Proc_IM_AD, dst_state: Dir_S
  Receive Msg 34:: type: PutS, src: 1, dst: 5, ack_cnt: 0, src_state: Proc_SI_A, dst_state: Dir_S
 Create Msg 36:: type: PutAck, src: 5, dst: 1, ack_cnt: 0, src_state: Dir_S, dst_state: Proc_SI_A
  Receive Msg 36:: type: PutAck, src: 5, dst: 1, ack_cnt: 0, src_state: Dir_I, dst_state: Proc_SI_A
I ==(load)==> S Create Msg 37:: type: GetS, src: 1, dst: 5, ack_cnt: 0, src_state: Proc_IS_D, dst_state: Dir_I
  Receive Msg 35:: type: GetM, src: 2, dst: 5, ack_cnt: 0, src_state: Proc_IM_AD, dst_state: Dir_I
 Create Msg 38:: type: Data, src: 5, dst: 2, ack_cnt: 0, src_state: Dir_M, dst_state: Proc_IM_AD, val: 3
  Receive Msg 37:: type: GetS, src: 1, dst: 5, ack_cnt: 0, src_state: Proc_IS_D, dst_state: Dir_M
 Create Msg 39:: type: FwdGetS, src: 5, dst: 2, ack_cnt: 0, src_state: Dir_MX_D, dst_state: Proc_IM_AD, fwd_to: 1
  Receive Msg 39:: type: FwdGetS, src: 5, dst: 2, ack_cnt: 0, src_state: Dir_MX_D, dst_state: Proc_IM_AD, fwd_to: 1
  Receive Msg 38:: type: Data, src: 5, dst: 2, ack_cnt: 0, src_state: Dir_MX_D, dst_state: Proc_IM_AD, val: 3
 Create Msg 40:: type: FwdAck, src: 2, dst: 5, ack_cnt: 0, src_state: Proc_S, dst_state: Dir_MX_D, val: 4
 Create Msg 41:: type: Data, src: 2, dst: 1, ack_cnt: 0, src_state: Proc_S, dst_state: Proc_IS_D, val: 4
  Receive Msg 41:: type: Data, src: 2, dst: 1, ack_cnt: 0, src_state: Proc_S, dst_state: Proc_IS_D, val: 4
S ==(store)==> M Create Msg 42:: type: GetM, src: 1, dst: 5, ack_cnt: 0, src_state: Proc_SM_AD, dst_state: Dir_MX_D
  Receive Msg 40:: type: FwdAck, src: 2, dst: 5, ack_cnt: 0, src_state: Proc_S, dst_state: Dir_MX_D, val: 4
  Receive Msg 42:: type: GetM, src: 1, dst: 5, ack_cnt: 0, src_state: Proc_SM_AD, dst_state: Dir_S
 Create Msg 43:: type: Inv, src: 5, dst: 2, ack_cnt: 0, src_state: Dir_SM_A, dst_state: Proc_S, fwd_to: 1
 Create Msg 44:: type: Data, src: 5, dst: 1, ack_cnt: 1, src_state: Dir_SM_A, dst_state: Proc_SM_AD, val: 4
S ==(evict)==> I Create Msg 45:: type: PutS, src: 2, dst: 5, ack_cnt: 0, src_state: Proc_SI_A, dst_state: Dir_SM_A
  Receive Msg 44:: type: Data, src: 5, dst: 1, ack_cnt: 1, src_state: Dir_SM_A, dst_state: Proc_SM_AD, val: 4
  Receive Msg 45:: type: PutS, src: 2, dst: 5, ack_cnt: 0, src_state: Proc_SI_A, dst_state: Dir_SM_A
  Receive Msg 43:: type: Inv, src: 5, dst: 2, ack_cnt: 0, src_state: Dir_SM_A, dst_state: Proc_SI_A, fwd_to: 1
 Create Msg 46:: type: InvAck, src: 2, dst: 1, ack_cnt: 0, src_state: Proc_II_A, dst_state: Proc_SM_A
 Create Msg 47:: type: InvAck, src: 2, dst: 5, ack_cnt: 0, src_state: Proc_II_A, dst_state: Dir_SM_A
  Receive Msg 47:: type: InvAck, src: 2, dst: 5, ack_cnt: 0, src_state: Proc_II_A, dst_state: Dir_SM_A
  Receive Msg 46:: type: InvAck, src: 2, dst: 1, ack_cnt: 0, src_state: Proc_II_A, dst_state: Proc_SM_A
M ==(evict)==> I Create Msg 48:: type: PutM, src: 1, dst: 5, ack_cnt: 0, src_state: Proc_MI_A, dst_state: Dir_M, val: 4
 Create Msg 49:: type: PutAck, src: 5, dst: 2, ack_cnt: 0, src_state: Dir_M, dst_state: Proc_II_A
  Receive Msg 48:: type: PutM, src: 1, dst: 5, ack_cnt: 0, src_state: Proc_MI_A, dst_state: Dir_M, val: 4
 Create Msg 50:: type: PutAck, src: 5, dst: 1, ack_cnt: 0, src_state: Dir_I, dst_state: Proc_MI_A
  Receive Msg 49:: type: PutAck, src: 5, dst: 2, ack_cnt: 0, src_state: Dir_I, dst_state: Proc_II_A
I ==(store)==> M Create Msg 51:: type: GetM, src: 2, dst: 5, ack_cnt: 0, src_state: Proc_IM_AD, dst_state: Dir_I
  Receive Msg 50:: type: PutAck, src: 5, dst: 1, ack_cnt: 0, src_state: Dir_I, dst_state: Proc_MI_A
  Receive Msg 51:: type: GetM, src: 2, dst: 5, ack_cnt: 0, src_state: Proc_IM_AD, dst_state: Dir_I
 Create Msg 52:: type: Data, src: 5, dst: 2, ack_cnt: 0, src_state: Dir_M, dst_state: Proc_IM_AD, val: 4
I ==(store)==> M Create Msg 53:: type: GetM, src: 1, dst: 5, ack_cnt: 0, src_state: Proc_IM_AD, dst_state: Dir_M
  Receive Msg 52:: type: Data, src: 5, dst: 2, ack_cnt: 0, src_state: Dir_M, dst_state: Proc_IM_AD, val: 4
  Receive Msg 53:: type: GetM, src: 1, dst: 5, ack_cnt: 0, src_state: Proc_IM_AD, dst_state: Dir_M
 Create Msg 54:: type: FwdGetM, src: 5, dst: 2, ack_cnt: 0, src_state: Dir_MM_A, dst_state: Proc_M, fwd_to: 1
  Receive Msg 54:: type: FwdGetM, src: 5, dst: 2, ack_cnt: 0, src_state: Dir_MM_A, dst_state: Proc_M, fwd_to: 1
 Create Msg 55:: type: Data, src: 2, dst: 1, ack_cnt: 0, src_state: Proc_I, dst_state: Proc_IM_AD, val: 4
 Create Msg 56:: type: FwdAck, src: 2, dst: 5, ack_cnt: 0, src_state: Proc_I, dst_state: Dir_MM_A
I ==(store)==> M Create Msg 57:: type: GetM, src: 2, dst: 5, ack_cnt: 0, src_state: Proc_IM_AD, dst_state: Dir_MM_A
  Receive Msg 56:: type: FwdAck, src: 2, dst: 5, ack_cnt: 0, src_state: Proc_IM_AD, dst_state: Dir_MM_A
  Receive Msg 57:: type: GetM, src: 2, dst: 5, ack_cnt: 0, src_state: Proc_IM_AD, dst_state: Dir_M
 Create Msg 58:: type: FwdGetM, src: 5, dst: 1, ack_cnt: 0, src_state: Dir_MM_A, dst_state: Proc_IM_AD, fwd_to: 2
  Receive Msg 55:: type: Data, src: 2, dst: 1, ack_cnt: 0, src_state: Proc_IM_AD, dst_state: Proc_IM_AD, val: 4
  Receive Msg 58:: type: FwdGetM, src: 5, dst: 1, ack_cnt: 0, src_state: Dir_MM_A, dst_state: Proc_M, fwd_to: 2
 Create Msg 59:: type: Data, src: 1, dst: 2, ack_cnt: 0, src_state: Proc_I, dst_state: Proc_IM_AD, val: 3
 Create Msg 60:: type: FwdAck, src: 1, dst: 5, ack_cnt: 0, src_state: Proc_I, dst_state: Dir_MM_A
  Receive Msg 60:: type: FwdAck, src: 1, dst: 5, ack_cnt: 0, src_state: Proc_I, dst_state: Dir_MM_A
  Receive Msg 59:: type: Data, src: 1, dst: 2, ack_cnt: 0, src_state: Proc_I, dst_state: Proc_IM_AD, val: 3
I ==(store)==> M Create Msg 61:: type: GetM, src: 1, dst: 5, ack_cnt: 0, src_state: Proc_IM_AD, dst_state: Dir_M
  Receive Msg 61:: type: GetM, src: 1, dst: 5, ack_cnt: 0, src_state: Proc_IM_AD, dst_state: Dir_M
 Create Msg 62:: type: FwdGetM, src: 5, dst: 2, ack_cnt: 0, src_state: Dir_MM_A, dst_state: Proc_M, fwd_to: 1
  Receive Msg 62:: type: FwdGetM, src: 5, dst: 2, ack_cnt: 0, src_state: Dir_MM_A, dst_state: Proc_M, fwd_to: 1
 Create Msg 63:: type: Data, src: 2, dst: 1, ack_cnt: 0, src_state: Proc_I, dst_state: Proc_IM_AD, val: 4
 Create Msg 64:: type: FwdAck, src: 2, dst: 5, ack_cnt: 0, src_state: Proc_I, dst_state: Dir_MM_A
  Receive Msg 64:: type: FwdAck, src: 2, dst: 5, ack_cnt: 0, src_state: Proc_I, dst_state: Dir_MM_A
  Receive Msg 63:: type: Data, src: 2, dst: 1, ack_cnt: 0, src_state: Proc_I, dst_state: Proc_IM_AD, val: 4
M ==(evict)==> I Create Msg 65:: type: PutM, src: 1, dst: 5, ack_cnt: 0, src_state: Proc_MI_A, dst_state: Dir_M, val: 4
I ==(load)==> S Create Msg 66:: type: GetS, src: 2, dst: 5, ack_cnt: 0, src_state: Proc_IS_D, dst_state: Dir_M
  Receive Msg 66:: type: GetS, src: 2, dst: 5, ack_cnt: 0, src_state: Proc_IS_D, dst_state: Dir_M
 Create Msg 67:: type: FwdGetS, src: 5, dst: 1, ack_cnt: 0, src_state: Dir_MX_D, dst_state: Proc_MI_A, fwd_to: 2
  Receive Msg 65:: type: PutM, src: 1, dst: 5, ack_cnt: 0, src_state: Proc_MI_A, dst_state: Dir_MX_D, val: 4
  Receive Msg 67:: type: FwdGetS, src: 5, dst: 1, ack_cnt: 0, src_state: Dir_MX_D, dst_state: Proc_MI_A, fwd_to: 2
 Create Msg 68:: type: FwdAck, src: 1, dst: 5, ack_cnt: 0, src_state: Proc_SI_A, dst_state: Dir_MX_D, val: 4
 Create Msg 69:: type: Data, src: 1, dst: 2, ack_cnt: 0, src_state: Proc_SI_A, dst_state: Proc_IS_D, val: 4
  Receive Msg 69:: type: Data, src: 1, dst: 2, ack_cnt: 0, src_state: Proc_SI_A, dst_state: Proc_IS_D, val: 4
S ==(store)==> M Create Msg 70:: type: GetM, src: 2, dst: 5, ack_cnt: 0, src_state: Proc_SM_AD, dst_state: Dir_MX_D
  Receive Msg 68:: type: FwdAck, src: 1, dst: 5, ack_cnt: 0, src_state: Proc_SI_A, dst_state: Dir_MX_D, val: 4
 Create Msg 71:: type: PutAck, src: 5, dst: 1, ack_cnt: 0, src_state: Dir_S, dst_state: Proc_SI_A
  Receive Msg 71:: type: PutAck, src: 5, dst: 1, ack_cnt: 0, src_state: Dir_S, dst_state: Proc_SI_A
I ==(store)==> M Create Msg 72:: type: GetM, src: 1, dst: 5, ack_cnt: 0, src_state: Proc_IM_AD, dst_state: Dir_S
  Receive Msg 72:: type: GetM, src: 1, dst: 5, ack_cnt: 0, src_state: Proc_IM_AD, dst_state: Dir_S
 Create Msg 73:: type: Inv, src: 5, dst: 2, ack_cnt: 0, src_state: Dir_SM_A, dst_state: Proc_SM_AD, fwd_to: 1
 Create Msg 74:: type: Data, src: 5, dst: 1, ack_cnt: 1, src_state: Dir_SM_A, dst_state: Proc_IM_AD, val: 4
  Receive Msg 73:: type: Inv, src: 5, dst: 2, ack_cnt: 0, src_state: Dir_SM_A, dst_state: Proc_SM_AD, fwd_to: 1
 Create Msg 75:: type: InvAck, src: 2, dst: 1, ack_cnt: 0, src_state: Proc_IM_AD, dst_state: Proc_IM_AD
 Create Msg 76:: type: InvAck, src: 2, dst: 5, ack_cnt: 0, src_state: Proc_IM_AD, dst_state: Dir_SM_A
  Receive Msg 70:: type: GetM, src: 2, dst: 5, ack_cnt: 0, src_state: Proc_IM_AD, dst_state: Dir_SM_A
  Receive Msg 76:: type: InvAck, src: 2, dst: 5, ack_cnt: 0, src_state: Proc_IM_AD, dst_state: Dir_SM_A
  Receive Msg 74:: type: Data, src: 5, dst: 1, ack_cnt: 1, src_state: Dir_M, dst_state: Proc_IM_AD, val: 4
  Receive Msg 75:: type: InvAck, src: 2, dst: 1, ack_cnt: 0, src_state: Proc_IM_AD, dst_state: Proc_IM_A
 Create Msg 77:: type: FwdGetM, src: 5, dst: 1, ack_cnt: 0, src_state: Dir_MM_A, dst_state: Proc_M, fwd_to: 2
  Receive Msg 77:: type: FwdGetM, src: 5, dst: 1, ack_cnt: 0, src_state: Dir_MM_A, dst_state: Proc_M, fwd_to: 2
 Create Msg 78:: type: Data, src: 1, dst: 2, ack_cnt: 0, src_state: Proc_I, dst_state: Proc_IM_AD, val: 3
 Create Msg 79:: type: FwdAck, src: 1, dst: 5, ack_cnt: 0, src_state: Proc_I, dst_state: Dir_MM_A
I ==(load)==> S Create Msg 80:: type: GetS, src: 1, dst: 5, ack_cnt: 0, src_state: Proc_IS_D, dst_state: Dir_MM_A
  Receive Msg 80:: type: GetS, src: 1, dst: 5, ack_cnt: 0, src_state: Proc_IS_D, dst_state: Dir_MM_A
  Receive Msg 79:: type: FwdAck, src: 1, dst: 5, ack_cnt: 0, src_state: Proc_IS_D, dst_state: Dir_MM_A
  Receive Msg 78:: type: Data, src: 1, dst: 2, ack_cnt: 0, src_state: Proc_IS_D, dst_state: Proc_IM_AD, val: 3
 Create Msg 81:: type: FwdGetS, src: 5, dst: 2, ack_cnt: 0, src_state: Dir_MX_D, dst_state: Proc_M, fwd_to: 1
M ==(evict)==> I Create Msg 82:: type: PutM, src: 2, dst: 5, ack_cnt: 0, src_state: Proc_MI_A, dst_state: Dir_MX_D, val: 3
  Receive Msg 81:: type: FwdGetS, src: 5, dst: 2, ack_cnt: 0, src_state: Dir_MX_D, dst_state: Proc_MI_A, fwd_to: 1
 Create Msg 83:: type: FwdAck, src: 2, dst: 5, ack_cnt: 0, src_state: Proc_SI_A, dst_state: Dir_MX_D, val: 3
 Create Msg 84:: type: Data, src: 2, dst: 1, ack_cnt: 0, src_state: Proc_SI_A, dst_state: Proc_IS_D, val: 3
  Receive Msg 84:: type: Data, src: 2, dst: 1, ack_cnt: 0, src_state: Proc_SI_A, dst_state: Proc_IS_D, val: 3
  Receive Msg 83:: type: FwdAck, src: 2, dst: 5, ack_cnt: 0, src_state: Proc_SI_A, dst_state: Dir_MX_D, val: 3
S ==(store)==> M Create Msg 85:: type: GetM, src: 1, dst: 5, ack_cnt: 0, src_state: Proc_SM_AD, dst_state: Dir_S
  Receive Msg 85:: type: GetM, src: 1, dst: 5, ack_cnt: 0, src_state: Proc_SM_AD, dst_state: Dir_S
 Create Msg 86:: type: Inv, src: 5, dst: 2, ack_cnt: 0, src_state: Dir_SM_A, dst_state: Proc_SI_A, fwd_to: 1
 Create Msg 87:: type: Data, src: 5, dst: 1, ack_cnt: 1, src_state: Dir_SM_A, dst_state: Proc_SM_AD, val: 3
  Receive Msg 86:: type: Inv, src: 5, dst: 2, ack_cnt: 0, src_state: Dir_SM_A, dst_state: Proc_SI_A, fwd_to: 1
 Create Msg 88:: type: InvAck, src: 2, dst: 1, ack_cnt: 0, src_state: Proc_II_A, dst_state: Proc_SM_AD
 Create Msg 89:: type: InvAck, src: 2, dst: 5, ack_cnt: 0, src_state: Proc_II_A, dst_state: Dir_SM_A
  Receive Msg 88:: type: InvAck, src: 2, dst: 1, ack_cnt: 0, src_state: Proc_II_A, dst_state: Proc_SM_AD

Status:

	126 rules fired in simulation in 0.10s.

Error:

	Invariant Proc ackcounts are negative failed.

